2016-04-17 12:17:41.574  INFO 12140 --- [main] c.c.c.ConfigServicePropertySourceLocator : Fetching config from server at: http://localhost:8888
2016-04-17 12:17:43.747  INFO 12140 --- [main] c.c.c.ConfigServicePropertySourceLocator : Located environment: name=productService, profiles=[local], label=null, version=091712d27428276d185df074759638f0f0aaba70
2016-04-17 12:17:43.753  INFO 12140 --- [main] b.c.PropertySourceBootstrapConfiguration : Located property source: CompositePropertySource [name='configService', propertySources=[MapPropertySource [name='https://github.com/javyxx/configserver.git/productService-local.yml']]]
2016-04-17 12:17:43.991  INFO 12140 --- [main] e.p.service.product.ProductApplication   : The following profiles are active: local
2016-04-17 12:17:44.074  INFO 12140 --- [main] ationConfigEmbeddedWebApplicationContext : Refreshing org.springframework.boot.context.embedded.AnnotationConfigEmbeddedWebApplicationContext@36060e: startup date [Sun Apr 17 12:17:44 CEST 2016]; parent: org.springframework.context.annotation.AnnotationConfigApplicationContext@38425407
2016-04-17 12:17:48.655  INFO 12140 --- [main] o.s.b.f.s.DefaultListableBeanFactory     : Overriding bean definition for bean 'userDetailsService' with a different definition: replacing [Root bean: class [null]; scope=; abstract=false; lazyInit=false; autowireMode=3; dependencyCheck=0; autowireCandidate=true; primary=false; factoryBeanName=com.paradigma.arquitecture.configuration.security.AccessTokenSecurityConfig; factoryMethodName=userDetailsService; initMethodName=null; destroyMethodName=(inferred); defined in class path resource [com/paradigma/arquitecture/configuration/security/AccessTokenSecurityConfig.class]] with [Root bean: class [null]; scope=; abstract=false; lazyInit=false; autowireMode=3; dependencyCheck=0; autowireCandidate=true; primary=true; factoryBeanName=com.paradigma.arquitecture.provider.configure.MongoProviderConfig; factoryMethodName=userDetailsService; initMethodName=null; destroyMethodName=(inferred); defined in class path resource [com/paradigma/arquitecture/provider/configure/MongoProviderConfig.class]]
2016-04-17 12:17:48.883  INFO 12140 --- [main] o.s.b.f.s.DefaultListableBeanFactory     : Overriding bean definition for bean 'beanNameViewResolver' with a different definition: replacing [Root bean: class [null]; scope=; abstract=false; lazyInit=false; autowireMode=3; dependencyCheck=0; autowireCandidate=true; primary=false; factoryBeanName=org.springframework.boot.autoconfigure.web.ErrorMvcAutoConfiguration$WhitelabelErrorViewConfiguration; factoryMethodName=beanNameViewResolver; initMethodName=null; destroyMethodName=(inferred); defined in class path resource [org/springframework/boot/autoconfigure/web/ErrorMvcAutoConfiguration$WhitelabelErrorViewConfiguration.class]] with [Root bean: class [null]; scope=; abstract=false; lazyInit=false; autowireMode=3; dependencyCheck=0; autowireCandidate=true; primary=false; factoryBeanName=org.springframework.boot.autoconfigure.web.WebMvcAutoConfiguration$WebMvcAutoConfigurationAdapter; factoryMethodName=beanNameViewResolver; initMethodName=null; destroyMethodName=(inferred); defined in class path resource [org/springframework/boot/autoconfigure/web/WebMvcAutoConfiguration$WebMvcAutoConfigurationAdapter.class]]
2016-04-17 12:17:50.863  INFO 12140 --- [main] o.s.cloud.context.scope.GenericScope     : BeanFactory id=54b75e58-070a-3afb-b033-09fbc9488dba
2016-04-17 12:17:50.923  INFO 12140 --- [main] f.a.AutowiredAnnotationBeanPostProcessor : JSR-330 'javax.inject.Inject' annotation found and supported for autowiring
2016-04-17 12:17:51.171  INFO 12140 --- [main] trationDelegate$BeanPostProcessorChecker : Bean 'com.paradigma.arquitecture.configuration.WebSocketConfig' of type [class com.paradigma.arquitecture.configuration.WebSocketConfig$$EnhancerBySpringCGLIB$$c5b9379] is not eligible for getting processed by all BeanPostProcessors (for example: not eligible for auto-proxying)
2016-04-17 12:17:51.195  INFO 12140 --- [main] trationDelegate$BeanPostProcessorChecker : Bean 'org.springframework.boot.autoconfigure.jackson.JacksonAutoConfiguration$JacksonObjectMapperConfiguration' of type [class org.springframework.boot.autoconfigure.jackson.JacksonAutoConfiguration$JacksonObjectMapperConfiguration$$EnhancerBySpringCGLIB$$16f9ca8b] is not eligible for getting processed by all BeanPostProcessors (for example: not eligible for auto-proxying)
2016-04-17 12:17:51.282  INFO 12140 --- [main] trationDelegate$BeanPostProcessorChecker : Bean 'spring.jackson.CONFIGURATION_PROPERTIES' of type [class org.springframework.boot.autoconfigure.jackson.JacksonProperties] is not eligible for getting processed by all BeanPostProcessors (for example: not eligible for auto-proxying)
2016-04-17 12:17:51.283  INFO 12140 --- [main] trationDelegate$BeanPostProcessorChecker : Bean 'org.springframework.boot.autoconfigure.jackson.JacksonAutoConfiguration$JacksonObjectMapperBuilderConfiguration' of type [class org.springframework.boot.autoconfigure.jackson.JacksonAutoConfiguration$JacksonObjectMapperBuilderConfiguration$$EnhancerBySpringCGLIB$$53cc3d84] is not eligible for getting processed by all BeanPostProcessors (for example: not eligible for auto-proxying)
2016-04-17 12:17:51.332  INFO 12140 --- [main] trationDelegate$BeanPostProcessorChecker : Bean 'org.springframework.data.web.config.SpringDataJacksonConfiguration' of type [class org.springframework.data.web.config.SpringDataJacksonConfiguration$$EnhancerBySpringCGLIB$$caff726e] is not eligible for getting processed by all BeanPostProcessors (for example: not eligible for auto-proxying)
2016-04-17 12:17:51.384  INFO 12140 --- [main] trationDelegate$BeanPostProcessorChecker : Bean 'jacksonGeoModule' of type [class org.springframework.data.geo.GeoModule] is not eligible for getting processed by all BeanPostProcessors (for example: not eligible for auto-proxying)
2016-04-17 12:17:51.390  INFO 12140 --- [main] trationDelegate$BeanPostProcessorChecker : Bean 'org.springframework.data.mongodb.core.GeoJsonConfiguration' of type [class org.springframework.data.mongodb.core.GeoJsonConfiguration$$EnhancerBySpringCGLIB$$11b0ba12] is not eligible for getting processed by all BeanPostProcessors (for example: not eligible for auto-proxying)
2016-04-17 12:17:51.419  INFO 12140 --- [main] trationDelegate$BeanPostProcessorChecker : Bean 'geoJsonModule' of type [class org.springframework.data.mongodb.core.geo.GeoJsonModule] is not eligible for getting processed by all BeanPostProcessors (for example: not eligible for auto-proxying)
2016-04-17 12:17:51.432  INFO 12140 --- [main] trationDelegate$BeanPostProcessorChecker : Bean 'jacksonObjectMapperBuilder' of type [class org.springframework.http.converter.json.Jackson2ObjectMapperBuilder] is not eligible for getting processed by all BeanPostProcessors (for example: not eligible for auto-proxying)
2016-04-17 12:17:51.482  INFO 12140 --- [main] trationDelegate$BeanPostProcessorChecker : Bean 'jacksonObjectMapper' of type [class com.fasterxml.jackson.databind.ObjectMapper] is not eligible for getting processed by all BeanPostProcessors (for example: not eligible for auto-proxying)
2016-04-17 12:17:51.483  INFO 12140 --- [main] trationDelegate$BeanPostProcessorChecker : Bean 'org.springframework.boot.autoconfigure.websocket.WebSocketMessagingAutoConfiguration$WebSocketMessageConverterConfiguration' of type [class org.springframework.boot.autoconfigure.websocket.WebSocketMessagingAutoConfiguration$WebSocketMessageConverterConfiguration$$EnhancerBySpringCGLIB$$f0647b62] is not eligible for getting processed by all BeanPostProcessors (for example: not eligible for auto-proxying)
2016-04-17 12:17:51.485  INFO 12140 --- [main] trationDelegate$BeanPostProcessorChecker : Bean 'org.springframework.web.socket.config.annotation.DelegatingWebSocketMessageBrokerConfiguration' of type [class org.springframework.web.socket.config.annotation.DelegatingWebSocketMessageBrokerConfiguration$$EnhancerBySpringCGLIB$$71aa0b8d] is not eligible for getting processed by all BeanPostProcessors (for example: not eligible for auto-proxying)
2016-04-17 12:17:51.549  INFO 12140 --- [main] o.s.s.concurrent.ThreadPoolTaskExecutor  : Initializing ExecutorService  'clientInboundChannelExecutor'
2016-04-17 12:17:51.551  INFO 12140 --- [main] trationDelegate$BeanPostProcessorChecker : Bean 'clientInboundChannelExecutor' of type [class org.springframework.scheduling.concurrent.ThreadPoolTaskExecutor] is not eligible for getting processed by all BeanPostProcessors (for example: not eligible for auto-proxying)
2016-04-17 12:17:51.553  INFO 12140 --- [main] o.s.s.concurrent.ThreadPoolTaskExecutor  : Initializing ExecutorService  'clientOutboundChannelExecutor'
2016-04-17 12:17:51.554  INFO 12140 --- [main] trationDelegate$BeanPostProcessorChecker : Bean 'clientOutboundChannelExecutor' of type [class org.springframework.scheduling.concurrent.ThreadPoolTaskExecutor] is not eligible for getting processed by all BeanPostProcessors (for example: not eligible for auto-proxying)
2016-04-17 12:17:51.572  INFO 12140 --- [main] trationDelegate$BeanPostProcessorChecker : Bean 'clientInboundChannel' of type [class org.springframework.messaging.support.ExecutorSubscribableChannel] is not eligible for getting processed by all BeanPostProcessors (for example: not eligible for auto-proxying)
2016-04-17 12:17:51.574  INFO 12140 --- [main] trationDelegate$BeanPostProcessorChecker : Bean 'clientOutboundChannel' of type [class org.springframework.messaging.support.ExecutorSubscribableChannel] is not eligible for getting processed by all BeanPostProcessors (for example: not eligible for auto-proxying)
2016-04-17 12:17:51.580  INFO 12140 --- [main] o.s.s.concurrent.ThreadPoolTaskExecutor  : Initializing ExecutorService  'brokerChannelExecutor'
2016-04-17 12:17:51.581  INFO 12140 --- [main] trationDelegate$BeanPostProcessorChecker : Bean 'brokerChannelExecutor' of type [class org.springframework.scheduling.concurrent.ThreadPoolTaskExecutor] is not eligible for getting processed by all BeanPostProcessors (for example: not eligible for auto-proxying)
2016-04-17 12:17:51.603  INFO 12140 --- [main] o.s.s.c.ThreadPoolTaskScheduler          : Initializing ExecutorService  'messageBrokerTaskScheduler'
2016-04-17 12:17:51.604  INFO 12140 --- [main] trationDelegate$BeanPostProcessorChecker : Bean 'messageBrokerTaskScheduler' of type [class org.springframework.scheduling.concurrent.ThreadPoolTaskScheduler] is not eligible for getting processed by all BeanPostProcessors (for example: not eligible for auto-proxying)
2016-04-17 12:17:51.629  INFO 12140 --- [main] trationDelegate$BeanPostProcessorChecker : Bean 'com.paradigma.arquitecture.configuration.CommanderConfig' of type [class com.paradigma.arquitecture.configuration.CommanderConfig$$EnhancerBySpringCGLIB$$72d3530a] is not eligible for getting processed by all BeanPostProcessors (for example: not eligible for auto-proxying)
2016-04-17 12:17:51.634  INFO 12140 --- [main] o.s.s.concurrent.ThreadPoolTaskExecutor  : Initializing ExecutorService  'getTaskExecutor'
2016-04-17 12:17:51.634  INFO 12140 --- [main] trationDelegate$BeanPostProcessorChecker : Bean 'getTaskExecutor' of type [class org.springframework.scheduling.concurrent.ThreadPoolTaskExecutor] is not eligible for getting processed by all BeanPostProcessors (for example: not eligible for auto-proxying)
2016-04-17 12:17:51.695  INFO 12140 --- [main] trationDelegate$BeanPostProcessorChecker : Bean 'org.springframework.amqp.rabbit.annotation.RabbitBootstrapConfiguration' of type [class org.springframework.amqp.rabbit.annotation.RabbitBootstrapConfiguration$$EnhancerBySpringCGLIB$$a6f27988] is not eligible for getting processed by all BeanPostProcessors (for example: not eligible for auto-proxying)
2016-04-17 12:17:51.762  INFO 12140 --- [main] trationDelegate$BeanPostProcessorChecker : Bean 'org.springframework.cache.annotation.ProxyCachingConfiguration' of type [class org.springframework.cache.annotation.ProxyCachingConfiguration$$EnhancerBySpringCGLIB$$4e8b378] is not eligible for getting processed by all BeanPostProcessors (for example: not eligible for auto-proxying)
2016-04-17 12:17:51.878  INFO 12140 --- [main] trationDelegate$BeanPostProcessorChecker : Bean 'org.springframework.security.config.annotation.configuration.ObjectPostProcessorConfiguration' of type [class org.springframework.security.config.annotation.configuration.ObjectPostProcessorConfiguration$$EnhancerBySpringCGLIB$$c6ac3214] is not eligible for getting processed by all BeanPostProcessors (for example: not eligible for auto-proxying)
2016-04-17 12:17:51.936  INFO 12140 --- [main] trationDelegate$BeanPostProcessorChecker : Bean 'objectPostProcessor' of type [class org.springframework.security.config.annotation.configuration.AutowireBeanFactoryObjectPostProcessor] is not eligible for getting processed by all BeanPostProcessors (for example: not eligible for auto-proxying)
2016-04-17 12:17:51.945  INFO 12140 --- [main] trationDelegate$BeanPostProcessorChecker : Bean 'org.springframework.security.access.expression.method.DefaultMethodSecurityExpressionHandler@6f347d7' of type [class org.springframework.security.access.expression.method.DefaultMethodSecurityExpressionHandler] is not eligible for getting processed by all BeanPostProcessors (for example: not eligible for auto-proxying)
2016-04-17 12:17:51.967  INFO 12140 --- [main] trationDelegate$BeanPostProcessorChecker : Bean 'org.springframework.security.config.annotation.method.configuration.GlobalMethodSecurityConfiguration' of type [class org.springframework.security.config.annotation.method.configuration.GlobalMethodSecurityConfiguration$$EnhancerBySpringCGLIB$$798a6686] is not eligible for getting processed by all BeanPostProcessors (for example: not eligible for auto-proxying)
2016-04-17 12:17:52.000  INFO 12140 --- [main] trationDelegate$BeanPostProcessorChecker : Bean 'methodSecurityMetadataSource' of type [class org.springframework.security.access.method.DelegatingMethodSecurityMetadataSource] is not eligible for getting processed by all BeanPostProcessors (for example: not eligible for auto-proxying)
2016-04-17 12:17:52.164  INFO 12140 --- [main] trationDelegate$BeanPostProcessorChecker : Bean 'org.springframework.cloud.autoconfigure.ConfigurationPropertiesRebinderAutoConfiguration' of type [class org.springframework.cloud.autoconfigure.ConfigurationPropertiesRebinderAutoConfiguration$$EnhancerBySpringCGLIB$$51645077] is not eligible for getting processed by all BeanPostProcessors (for example: not eligible for auto-proxying)
2016-04-17 12:17:52.186  INFO 12140 --- [main] trationDelegate$BeanPostProcessorChecker : Bean 'org.springframework.cloud.autoconfigure.RefreshEndpointAutoConfiguration' of type [class org.springframework.cloud.autoconfigure.RefreshEndpointAutoConfiguration$$EnhancerBySpringCGLIB$$84424bad] is not eligible for getting processed by all BeanPostProcessors (for example: not eligible for auto-proxying)
2016-04-17 12:17:52.746  INFO 12140 --- [main] s.b.c.e.t.TomcatEmbeddedServletContainer : Tomcat initialized with port(s): 8083 (http)
2016-04-17 12:17:52.806  INFO 12140 --- [main] o.apache.catalina.core.StandardService   : Starting service Tomcat
2016-04-17 12:17:52.813  INFO 12140 --- [main] org.apache.catalina.core.StandardEngine  : Starting Servlet Engine: Apache Tomcat/8.0.32
2016-04-17 12:17:53.826  INFO 12140 --- [localhost-startStop-1] o.a.c.c.C.[Tomcat].[localhost].[/]       : Initializing Spring embedded WebApplicationContext
2016-04-17 12:17:53.827  INFO 12140 --- [localhost-startStop-1] o.s.web.context.ContextLoader            : Root WebApplicationContext: initialization completed in 9753 ms
2016-04-17 12:17:54.876  INFO 12140 --- [localhost-startStop-1] o.s.b.c.embedded.FilterRegistrationBean  : Mapping filter: 'metricFilter' to: [/*]
2016-04-17 12:17:54.877  INFO 12140 --- [localhost-startStop-1] o.s.b.c.embedded.FilterRegistrationBean  : Mapping filter: 'characterEncodingFilter' to: [/*]
2016-04-17 12:17:54.878  INFO 12140 --- [localhost-startStop-1] o.s.b.c.embedded.FilterRegistrationBean  : Mapping filter: 'hiddenHttpMethodFilter' to: [/*]
2016-04-17 12:17:54.879  INFO 12140 --- [localhost-startStop-1] o.s.b.c.embedded.FilterRegistrationBean  : Mapping filter: 'httpPutFormContentFilter' to: [/*]
2016-04-17 12:17:54.879  INFO 12140 --- [localhost-startStop-1] o.s.b.c.embedded.FilterRegistrationBean  : Mapping filter: 'requestContextFilter' to: [/*]
2016-04-17 12:17:54.881  INFO 12140 --- [localhost-startStop-1] .e.DelegatingFilterProxyRegistrationBean : Mapping filter: 'springSecurityFilterChain' to: [/*]
2016-04-17 12:17:54.882  INFO 12140 --- [localhost-startStop-1] o.s.b.c.embedded.FilterRegistrationBean  : Mapping filter: 'webRequestLoggingFilter' to: [/*]
2016-04-17 12:17:54.882  INFO 12140 --- [localhost-startStop-1] o.s.b.c.embedded.FilterRegistrationBean  : Mapping filter: 'applicationContextIdFilter' to: [/*]
2016-04-17 12:17:54.883  INFO 12140 --- [localhost-startStop-1] o.s.b.c.e.ServletRegistrationBean        : Mapping servlet: 'dispatcherServlet' to [/]
2016-04-17 12:17:58.837  INFO 12140 --- [localhost-startStop-1] o.s.s.web.DefaultSecurityFilterChain     : Creating filter chain: OrRequestMatcher [requestMatchers=[Ant [pattern='/css/**'], Ant [pattern='/js/**'], Ant [pattern='/images/**'], Ant [pattern='/**/favicon.ico'], Ant [pattern='/error']]], []
2016-04-17 12:17:58.995  INFO 12140 --- [localhost-startStop-1] o.s.s.web.DefaultSecurityFilterChain     : Creating filter chain: org.springframework.security.web.util.matcher.AnyRequestMatcher@1, [com.paradigma.arquitecture.auth.accesstoken.StatelessAuthenticationFilter@2873a9b, com.paradigma.arquitecture.auth.accesstoken.StatelessLoginFilter@1423c372, org.springframework.security.web.servletapi.SecurityContextHolderAwareRequestFilter@73a57f27, org.springframework.security.web.authentication.AnonymousAuthenticationFilter@656f462b, org.springframework.security.web.session.SessionManagementFilter@740f9088, org.springframework.security.web.access.ExceptionTranslationFilter@1879635a, org.springframework.security.web.access.intercept.FilterSecurityInterceptor@2de68581]
2016-04-17 12:17:59.128  INFO 12140 --- [localhost-startStop-1] o.s.s.web.DefaultSecurityFilterChain     : Creating filter chain: org.springframework.boot.actuate.autoconfigure.ManagementWebSecurityAutoConfiguration$LazyEndpointPathRequestMatcher@246449b4, [org.springframework.security.web.context.request.async.WebAsyncManagerIntegrationFilter@19686576, org.springframework.security.web.context.SecurityContextPersistenceFilter@604d2d44, org.springframework.security.web.header.HeaderWriterFilter@4187d598, org.springframework.security.web.authentication.logout.LogoutFilter@a19067c, org.springframework.security.web.authentication.www.BasicAuthenticationFilter@403fb1c7, org.springframework.security.web.savedrequest.RequestCacheAwareFilter@723b731e, org.springframework.security.web.servletapi.SecurityContextHolderAwareRequestFilter@674b867c, org.springframework.security.web.authentication.AnonymousAuthenticationFilter@45a28586, org.springframework.security.web.session.SessionManagementFilter@27b76eae, org.springframework.security.web.access.ExceptionTranslationFilter@156a5af6, org.springframework.security.web.access.intercept.FilterSecurityInterceptor@4ccb92ce]
2016-04-17 12:17:59.661  INFO 12140 --- [main] o.s.w.s.s.s.WebSocketHandlerMapping      : Mapped URL path [/websocket/**] onto handler of type [class org.springframework.web.socket.sockjs.support.SockJsHttpRequestHandler]
2016-04-17 12:18:01.726  INFO 12140 --- [main] o.s.cloud.commons.util.InetUtils         : Cannot determine local hostname
2016-04-17 12:18:02.054  INFO 12140 --- [main] s.w.s.m.m.a.RequestMappingHandlerAdapter : Looking for @ControllerAdvice: org.springframework.boot.context.embedded.AnnotationConfigEmbeddedWebApplicationContext@36060e: startup date [Sun Apr 17 12:17:44 CEST 2016]; parent: org.springframework.context.annotation.AnnotationConfigApplicationContext@38425407
2016-04-17 12:18:02.320  INFO 12140 --- [main] s.w.s.m.m.a.RequestMappingHandlerMapping : Mapped "{[/api/v1/product/search],methods=[GET]}" onto public java.util.List<es.paradigma.service.product.domain.Product> es.paradigma.service.product.controller.ProductController.findByParameters(java.util.Map<java.lang.String, java.lang.Object>)
2016-04-17 12:18:02.322  INFO 12140 --- [main] s.w.s.m.m.a.RequestMappingHandlerMapping : Mapped "{[/api/v1/product],methods=[GET]}" onto public java.util.List<es.paradigma.service.product.domain.Product> es.paradigma.service.product.controller.ProductController.findAll()
2016-04-17 12:18:02.323  INFO 12140 --- [main] s.w.s.m.m.a.RequestMappingHandlerMapping : Mapped "{[/api/v1/product/{id}],methods=[GET]}" onto public es.paradigma.service.product.domain.Product es.paradigma.service.product.controller.ProductController.findById(java.lang.String)
2016-04-17 12:18:02.326  INFO 12140 --- [main] s.w.s.m.m.a.RequestMappingHandlerMapping : Mapped "{[/error]}" onto public org.springframework.http.ResponseEntity<java.util.Map<java.lang.String, java.lang.Object>> org.springframework.boot.autoconfigure.web.BasicErrorController.error(javax.servlet.http.HttpServletRequest)
2016-04-17 12:18:02.326  INFO 12140 --- [main] s.w.s.m.m.a.RequestMappingHandlerMapping : Mapped "{[/error],produces=[text/html]}" onto public org.springframework.web.servlet.ModelAndView org.springframework.boot.autoconfigure.web.BasicErrorController.errorHtml(javax.servlet.http.HttpServletRequest,javax.servlet.http.HttpServletResponse)
2016-04-17 12:18:02.437  INFO 12140 --- [main] o.s.w.s.handler.SimpleUrlHandlerMapping  : Mapped URL path [/webjars/**] onto handler of type [class org.springframework.web.servlet.resource.ResourceHttpRequestHandler]
2016-04-17 12:18:02.438  INFO 12140 --- [main] o.s.w.s.handler.SimpleUrlHandlerMapping  : Mapped URL path [/**] onto handler of type [class org.springframework.web.servlet.resource.ResourceHttpRequestHandler]
2016-04-17 12:18:02.552  INFO 12140 --- [main] o.s.w.s.handler.SimpleUrlHandlerMapping  : Mapped URL path [/**/favicon.ico] onto handler of type [class org.springframework.web.servlet.resource.ResourceHttpRequestHandler]
2016-04-17 12:18:04.262  INFO 12140 --- [main] o.s.b.a.e.mvc.EndpointHandlerMapping     : Mapped "{[/logfile || /logfile.json],methods=[GET || HEAD]}" onto public void org.springframework.boot.actuate.endpoint.mvc.LogFileMvcEndpoint.invoke(javax.servlet.http.HttpServletRequest,javax.servlet.http.HttpServletResponse) throws javax.servlet.ServletException,java.io.IOException
2016-04-17 12:18:04.264  INFO 12140 --- [main] o.s.b.a.e.mvc.EndpointHandlerMapping     : Mapped "{[/env],methods=[POST]}" onto public java.lang.Object org.springframework.cloud.context.environment.EnvironmentManagerMvcEndpoint.value(java.util.Map<java.lang.String, java.lang.String>)
2016-04-17 12:18:04.265  INFO 12140 --- [main] o.s.b.a.e.mvc.EndpointHandlerMapping     : Mapped "{[/env/reset],methods=[POST]}" onto public java.util.Map<java.lang.String, java.lang.Object> org.springframework.cloud.context.environment.EnvironmentManagerMvcEndpoint.reset()
2016-04-17 12:18:04.266  INFO 12140 --- [main] o.s.b.a.e.mvc.EndpointHandlerMapping     : Mapped "{[/configprops || /configprops.json],methods=[GET],produces=[application/json]}" onto public java.lang.Object org.springframework.boot.actuate.endpoint.mvc.EndpointMvcAdapter.invoke()
2016-04-17 12:18:04.270  INFO 12140 --- [main] o.s.b.a.e.mvc.EndpointHandlerMapping     : Mapped "{[/resume || /resume.json],methods=[POST]}" onto public java.lang.Object org.springframework.cloud.endpoint.GenericPostableMvcEndpoint.invoke()
2016-04-17 12:18:04.271  INFO 12140 --- [main] o.s.b.a.e.mvc.EndpointHandlerMapping     : Mapped "{[/info || /info.json],methods=[GET],produces=[application/json]}" onto public java.lang.Object org.springframework.boot.actuate.endpoint.mvc.EndpointMvcAdapter.invoke()
2016-04-17 12:18:04.279  INFO 12140 --- [main] o.s.b.a.e.mvc.EndpointHandlerMapping     : Mapped "{[/dump || /dump.json],methods=[GET],produces=[application/json]}" onto public java.lang.Object org.springframework.boot.actuate.endpoint.mvc.EndpointMvcAdapter.invoke()
2016-04-17 12:18:04.280  INFO 12140 --- [main] o.s.b.a.e.mvc.EndpointHandlerMapping     : Mapped "{[/archaius || /archaius.json],methods=[GET],produces=[application/json]}" onto public java.lang.Object org.springframework.boot.actuate.endpoint.mvc.EndpointMvcAdapter.invoke()
2016-04-17 12:18:04.281  INFO 12140 --- [main] o.s.b.a.e.mvc.EndpointHandlerMapping     : Mapped "{[/pause || /pause.json],methods=[POST]}" onto public java.lang.Object org.springframework.cloud.endpoint.GenericPostableMvcEndpoint.invoke()
2016-04-17 12:18:04.282  INFO 12140 --- [main] o.s.b.a.e.mvc.EndpointHandlerMapping     : Mapped "{[/autoconfig || /autoconfig.json],methods=[GET],produces=[application/json]}" onto public java.lang.Object org.springframework.boot.actuate.endpoint.mvc.EndpointMvcAdapter.invoke()
2016-04-17 12:18:04.283  INFO 12140 --- [main] o.s.b.a.e.mvc.EndpointHandlerMapping     : Mapped "{[/features || /features.json],methods=[GET],produces=[application/json]}" onto public java.lang.Object org.springframework.boot.actuate.endpoint.mvc.EndpointMvcAdapter.invoke()
2016-04-17 12:18:04.284  INFO 12140 --- [main] o.s.b.a.e.mvc.EndpointHandlerMapping     : Mapped "{[/mappings || /mappings.json],methods=[GET],produces=[application/json]}" onto public java.lang.Object org.springframework.boot.actuate.endpoint.mvc.EndpointMvcAdapter.invoke()
2016-04-17 12:18:04.285  INFO 12140 --- [main] o.s.b.a.e.mvc.EndpointHandlerMapping     : Mapped "{[/beans || /beans.json],methods=[GET],produces=[application/json]}" onto public java.lang.Object org.springframework.boot.actuate.endpoint.mvc.EndpointMvcAdapter.invoke()
2016-04-17 12:18:04.286  INFO 12140 --- [main] o.s.b.a.e.mvc.EndpointHandlerMapping     : Mapped "{[/health || /health.json],produces=[application/json]}" onto public java.lang.Object org.springframework.boot.actuate.endpoint.mvc.HealthMvcEndpoint.invoke(java.security.Principal)
2016-04-17 12:18:04.291  INFO 12140 --- [main] o.s.b.a.e.mvc.EndpointHandlerMapping     : Mapped "{[/metrics/{name:.*}],methods=[GET],produces=[application/json]}" onto public java.lang.Object org.springframework.boot.actuate.endpoint.mvc.MetricsMvcEndpoint.value(java.lang.String)
2016-04-17 12:18:04.292  INFO 12140 --- [main] o.s.b.a.e.mvc.EndpointHandlerMapping     : Mapped "{[/metrics || /metrics.json],methods=[GET],produces=[application/json]}" onto public java.lang.Object org.springframework.boot.actuate.endpoint.mvc.EndpointMvcAdapter.invoke()
2016-04-17 12:18:04.293  INFO 12140 --- [main] o.s.b.a.e.mvc.EndpointHandlerMapping     : Mapped "{[/env/{name:.*}],methods=[GET],produces=[application/json]}" onto public java.lang.Object org.springframework.boot.actuate.endpoint.mvc.EnvironmentMvcEndpoint.value(java.lang.String)
2016-04-17 12:18:04.294  INFO 12140 --- [main] o.s.b.a.e.mvc.EndpointHandlerMapping     : Mapped "{[/env || /env.json],methods=[GET],produces=[application/json]}" onto public java.lang.Object org.springframework.boot.actuate.endpoint.mvc.EndpointMvcAdapter.invoke()
2016-04-17 12:18:04.299  INFO 12140 --- [main] o.s.b.a.e.mvc.EndpointHandlerMapping     : Mapped "{[/trace || /trace.json],methods=[GET],produces=[application/json]}" onto public java.lang.Object org.springframework.boot.actuate.endpoint.mvc.EndpointMvcAdapter.invoke()
2016-04-17 12:18:04.300  INFO 12140 --- [main] o.s.b.a.e.mvc.EndpointHandlerMapping     : Mapped "{[/refresh || /refresh.json],methods=[POST]}" onto public java.lang.Object org.springframework.cloud.endpoint.GenericPostableMvcEndpoint.invoke()
2016-04-17 12:18:04.301  INFO 12140 --- [main] o.s.b.a.e.mvc.EndpointHandlerMapping     : Mapped "{[/restart || /restart.json],methods=[POST]}" onto public java.lang.Object org.springframework.cloud.context.restart.RestartMvcEndpoint.invoke()
2016-04-17 12:18:04.671  WARN 12140 --- [main] c.n.c.sources.URLConfigurationSource     : No URLs will be polled as dynamic configuration sources.
2016-04-17 12:18:04.672  INFO 12140 --- [main] c.n.c.sources.URLConfigurationSource     : To enable URLs as dynamic configuration sources, define System property archaius.configurationSource.additionalUrls or make config.properties available on classpath.
2016-04-17 12:18:04.686  WARN 12140 --- [main] c.n.c.sources.URLConfigurationSource     : No URLs will be polled as dynamic configuration sources.
2016-04-17 12:18:04.686  INFO 12140 --- [main] c.n.c.sources.URLConfigurationSource     : To enable URLs as dynamic configuration sources, define System property archaius.configurationSource.additionalUrls or make config.properties available on classpath.
2016-04-17 12:18:04.962  INFO 12140 --- [main] o.s.j.e.a.AnnotationMBeanExporter        : Registering beans for JMX exposure on startup
2016-04-17 12:18:04.990  INFO 12140 --- [main] o.s.j.e.a.AnnotationMBeanExporter        : Bean with name 'refreshScope' has been autodetected for JMX exposure
2016-04-17 12:18:04.991  INFO 12140 --- [main] o.s.j.e.a.AnnotationMBeanExporter        : Bean with name 'environmentManager' has been autodetected for JMX exposure
2016-04-17 12:18:05.000  INFO 12140 --- [main] o.s.j.e.a.AnnotationMBeanExporter        : Bean with name 'configurationPropertiesRebinder' has been autodetected for JMX exposure
2016-04-17 12:18:05.001  INFO 12140 --- [main] o.s.j.e.a.AnnotationMBeanExporter        : Bean with name 'refreshEndpoint' has been autodetected for JMX exposure
2016-04-17 12:18:05.002  INFO 12140 --- [main] o.s.j.e.a.AnnotationMBeanExporter        : Bean with name 'restartEndpoint' has been autodetected for JMX exposure
2016-04-17 12:18:05.006  INFO 12140 --- [main] o.s.j.e.a.AnnotationMBeanExporter        : Located managed bean 'environmentManager': registering with JMX server as MBean [org.springframework.cloud.context.environment:name=environmentManager,type=EnvironmentManager]
2016-04-17 12:18:05.053  INFO 12140 --- [main] o.s.j.e.a.AnnotationMBeanExporter        : Located managed bean 'restartEndpoint': registering with JMX server as MBean [org.springframework.cloud.context.restart:name=restartEndpoint,type=RestartEndpoint]
2016-04-17 12:18:05.082  INFO 12140 --- [main] o.s.j.e.a.AnnotationMBeanExporter        : Located managed bean 'refreshScope': registering with JMX server as MBean [org.springframework.cloud.context.scope.refresh:name=refreshScope,type=RefreshScope]
2016-04-17 12:18:05.100  INFO 12140 --- [main] o.s.j.e.a.AnnotationMBeanExporter        : Located managed bean 'configurationPropertiesRebinder': registering with JMX server as MBean [org.springframework.cloud.context.properties:name=configurationPropertiesRebinder,context=36060e,type=ConfigurationPropertiesRebinder]
2016-04-17 12:18:05.116  INFO 12140 --- [main] o.s.j.e.a.AnnotationMBeanExporter        : Located managed bean 'refreshEndpoint': registering with JMX server as MBean [org.springframework.cloud.endpoint:name=refreshEndpoint,type=RefreshEndpoint]
2016-04-17 12:18:05.840  INFO 12140 --- [main] o.s.c.support.DefaultLifecycleProcessor  : Starting beans in phase -2147482648
2016-04-17 12:18:05.881  INFO 12140 --- [main] o.s.c.support.DefaultLifecycleProcessor  : Starting beans in phase 0
2016-04-17 12:18:05.906  INFO 12140 --- [main] o.s.c.n.eureka.InstanceInfoFactory       : Setting initial instance status as: STARTING
2016-04-17 12:18:06.783  INFO 12140 --- [main] c.n.d.provider.DiscoveryJerseyProvider   : Using JSON encoding codec LegacyJacksonJson
2016-04-17 12:18:06.786  INFO 12140 --- [main] c.n.d.provider.DiscoveryJerseyProvider   : Using JSON decoding codec LegacyJacksonJson
2016-04-17 12:18:07.117  INFO 12140 --- [main] c.n.d.provider.DiscoveryJerseyProvider   : Using XML encoding codec XStreamXml
2016-04-17 12:18:07.118  INFO 12140 --- [main] c.n.d.provider.DiscoveryJerseyProvider   : Using XML decoding codec XStreamXml
2016-04-17 12:18:07.545  INFO 12140 --- [main] c.n.d.s.r.aws.ConfigClusterResolver      : Resolving eureka endpoints via configuration
2016-04-17 12:18:07.861  INFO 12140 --- [main] com.netflix.discovery.DiscoveryClient    : Disable delta property : false
2016-04-17 12:18:07.861  INFO 12140 --- [main] com.netflix.discovery.DiscoveryClient    : Single vip registry refresh property : null
2016-04-17 12:18:07.862  INFO 12140 --- [main] com.netflix.discovery.DiscoveryClient    : Force full registry fetch : false
2016-04-17 12:18:07.862  INFO 12140 --- [main] com.netflix.discovery.DiscoveryClient    : Application is null : false
2016-04-17 12:18:07.862  INFO 12140 --- [main] com.netflix.discovery.DiscoveryClient    : Registered Applications size is zero : true
2016-04-17 12:18:07.862  INFO 12140 --- [main] com.netflix.discovery.DiscoveryClient    : Application version is -1: true
2016-04-17 12:18:07.862  INFO 12140 --- [main] com.netflix.discovery.DiscoveryClient    : Getting all instance registry info from the eureka server
2016-04-17 12:18:08.129  INFO 12140 --- [main] com.netflix.discovery.DiscoveryClient    : The response status is 200
2016-04-17 12:18:08.132  INFO 12140 --- [main] com.netflix.discovery.DiscoveryClient    : Starting heartbeat executor: renew interval is: 30
2016-04-17 12:18:08.135  INFO 12140 --- [main] c.n.discovery.InstanceInfoReplicator     : InstanceInfoReplicator onDemand update allowed rate per min is 4
2016-04-17 12:18:08.209  INFO 12140 --- [main] c.n.e.EurekaDiscoveryClientConfiguration : Registering application productService with eureka with status UP
2016-04-17 12:18:08.211  INFO 12140 --- [main] com.netflix.discovery.DiscoveryClient    : Saw local status change event StatusChangeEvent [timestamp=1460888288211, current=UP, previous=STARTING]
2016-04-17 12:18:08.215  INFO 12140 --- [DiscoveryClient-InstanceInfoReplicator-0] com.netflix.discovery.DiscoveryClient    : DiscoveryClient_PRODUCTSERVICE/localhost:productService:8083: registering service...
2016-04-17 12:18:08.336  INFO 12140 --- [DiscoveryClient-InstanceInfoReplicator-0] com.netflix.discovery.DiscoveryClient    : DiscoveryClient_PRODUCTSERVICE/localhost:productService:8083 - registration status: 204
2016-04-17 12:18:08.380  INFO 12140 --- [main] o.s.c.support.DefaultLifecycleProcessor  : Starting beans in phase 2147483647
2016-04-17 12:18:08.381  INFO 12140 --- [main] o.s.m.s.b.SimpleBrokerMessageHandler     : Starting...
2016-04-17 12:18:08.382  INFO 12140 --- [main] o.s.m.s.b.SimpleBrokerMessageHandler     : BrokerAvailabilityEvent[available=true, SimpleBrokerMessageHandler [DefaultSubscriptionRegistry[cache[0 destination(s)], registry[0 sessions]]]]
2016-04-17 12:18:08.383  INFO 12140 --- [main] o.s.m.s.b.SimpleBrokerMessageHandler     : Started.
2016-04-17 12:18:08.528  INFO 12140 --- [SimpleAsyncTaskExecutor-1] o.s.a.r.c.CachingConnectionFactory       : Created new connection: SimpleConnection@3e633785 [delegate=amqp://guest@192.168.99.100:5672/]
2016-04-17 12:18:08.532  INFO 12140 --- [SimpleAsyncTaskExecutor-1] o.s.amqp.rabbit.core.RabbitAdmin         : Auto-declaring a non-durable, auto-delete, or exclusive Queue (arquitectureQueue) durable:false, auto-delete:false, exclusive:false. It will be redeclared if the broker stops and is restarted while the connection factory is alive, but all messages will be lost.
2016-04-17 12:18:08.797  INFO 12140 --- [main] s.b.c.e.t.TomcatEmbeddedServletContainer : Tomcat started on port(s): 8083 (http)
2016-04-17 12:18:08.799  INFO 12140 --- [main] c.n.e.EurekaDiscoveryClientConfiguration : Updating port to 8083
2016-04-17 12:18:08.805  INFO 12140 --- [main] e.p.service.product.ProductApplication   : Started ProductApplication in 32.064 seconds (JVM running for 32.896)
2016-04-17 12:18:59.692  INFO 12140 --- [MessageBroker-1] o.s.w.s.c.WebSocketMessageBrokerStats    : WebSocketSession[0 current WS(0)-HttpStream(0)-HttpPoll(0), 0 total, 0 closed abnormally (0 connect failure, 0 send limit, 0 transport error)], stompSubProtocol[processed CONNECT(0)-CONNECTED(0)-DISCONNECT(0)], stompBrokerRelay[null], inboundChannel[pool size = 0, active threads = 0, queued tasks = 0, completed tasks = 0], outboundChannelpool size = 0, active threads = 0, queued tasks = 0, completed tasks = 0], sockJsScheduler[pool size = 1, active threads = 1, queued tasks = 0, completed tasks = 0]
2016-04-17 12:19:33.490  INFO 12140 --- [http-nio-8083-exec-1] o.a.c.c.C.[Tomcat].[localhost].[/]       : Initializing Spring FrameworkServlet 'dispatcherServlet'
2016-04-17 12:19:33.490  INFO 12140 --- [http-nio-8083-exec-1] o.s.web.servlet.DispatcherServlet        : FrameworkServlet 'dispatcherServlet': initialization started
2016-04-17 12:19:33.551  INFO 12140 --- [http-nio-8083-exec-1] o.s.web.servlet.DispatcherServlet        : FrameworkServlet 'dispatcherServlet': initialization completed in 61 ms
2016-04-17 12:23:07.869  INFO 12140 --- [AsyncResolver-bootstrap-executor-0] c.n.d.s.r.aws.ConfigClusterResolver      : Resolving eureka endpoints via configuration
