2016-04-17 12:16:53.246  INFO 2348 --- [main] c.c.c.ConfigServicePropertySourceLocator : Fetching config from server at: http://localhost:8888
2016-04-17 12:16:55.363  INFO 2348 --- [main] c.c.c.ConfigServicePropertySourceLocator : Located environment: name=userService, profiles=[local], label=null, version=091712d27428276d185df074759638f0f0aaba70
2016-04-17 12:16:55.364  INFO 2348 --- [main] b.c.PropertySourceBootstrapConfiguration : Located property source: CompositePropertySource [name='configService', propertySources=[MapPropertySource [name='https://github.com/javyxx/configserver.git/userService-local.yml']]]
2016-04-17 12:16:55.689  INFO 2348 --- [main] e.p.service.user.UserApplication         : The following profiles are active: local
2016-04-17 12:16:55.751  INFO 2348 --- [main] ationConfigEmbeddedWebApplicationContext : Refreshing org.springframework.boot.context.embedded.AnnotationConfigEmbeddedWebApplicationContext@36060e: startup date [Sun Apr 17 12:16:55 CEST 2016]; parent: org.springframework.context.annotation.AnnotationConfigApplicationContext@38425407
2016-04-17 12:17:00.196  INFO 2348 --- [main] o.s.b.f.s.DefaultListableBeanFactory     : Overriding bean definition for bean 'userDetailsService' with a different definition: replacing [Root bean: class [null]; scope=; abstract=false; lazyInit=false; autowireMode=3; dependencyCheck=0; autowireCandidate=true; primary=false; factoryBeanName=com.paradigma.arquitecture.configuration.security.AccessTokenSecurityConfig; factoryMethodName=userDetailsService; initMethodName=null; destroyMethodName=(inferred); defined in class path resource [com/paradigma/arquitecture/configuration/security/AccessTokenSecurityConfig.class]] with [Root bean: class [null]; scope=; abstract=false; lazyInit=false; autowireMode=3; dependencyCheck=0; autowireCandidate=true; primary=true; factoryBeanName=com.paradigma.arquitecture.provider.configure.MongoProviderConfig; factoryMethodName=userDetailsService; initMethodName=null; destroyMethodName=(inferred); defined in class path resource [com/paradigma/arquitecture/provider/configure/MongoProviderConfig.class]]
2016-04-17 12:17:00.726  INFO 2348 --- [main] o.s.b.f.s.DefaultListableBeanFactory     : Overriding bean definition for bean 'beanNameViewResolver' with a different definition: replacing [Root bean: class [null]; scope=; abstract=false; lazyInit=false; autowireMode=3; dependencyCheck=0; autowireCandidate=true; primary=false; factoryBeanName=org.springframework.boot.autoconfigure.web.ErrorMvcAutoConfiguration$WhitelabelErrorViewConfiguration; factoryMethodName=beanNameViewResolver; initMethodName=null; destroyMethodName=(inferred); defined in class path resource [org/springframework/boot/autoconfigure/web/ErrorMvcAutoConfiguration$WhitelabelErrorViewConfiguration.class]] with [Root bean: class [null]; scope=; abstract=false; lazyInit=false; autowireMode=3; dependencyCheck=0; autowireCandidate=true; primary=false; factoryBeanName=org.springframework.boot.autoconfigure.web.WebMvcAutoConfiguration$WebMvcAutoConfigurationAdapter; factoryMethodName=beanNameViewResolver; initMethodName=null; destroyMethodName=(inferred); defined in class path resource [org/springframework/boot/autoconfigure/web/WebMvcAutoConfiguration$WebMvcAutoConfigurationAdapter.class]]
2016-04-17 12:17:03.606  INFO 2348 --- [main] o.s.cloud.context.scope.GenericScope     : BeanFactory id=1cfd5924-54f2-3bdf-ab80-8b0b0a4ca8f6
2016-04-17 12:17:03.676  INFO 2348 --- [main] f.a.AutowiredAnnotationBeanPostProcessor : JSR-330 'javax.inject.Inject' annotation found and supported for autowiring
2016-04-17 12:17:04.135  INFO 2348 --- [main] trationDelegate$BeanPostProcessorChecker : Bean 'com.paradigma.arquitecture.configuration.WebSocketConfig' of type [class com.paradigma.arquitecture.configuration.WebSocketConfig$$EnhancerBySpringCGLIB$$c5b9379] is not eligible for getting processed by all BeanPostProcessors (for example: not eligible for auto-proxying)
2016-04-17 12:17:04.239  INFO 2348 --- [main] trationDelegate$BeanPostProcessorChecker : Bean 'org.springframework.boot.autoconfigure.jackson.JacksonAutoConfiguration$JacksonObjectMapperConfiguration' of type [class org.springframework.boot.autoconfigure.jackson.JacksonAutoConfiguration$JacksonObjectMapperConfiguration$$EnhancerBySpringCGLIB$$16f9ca8b] is not eligible for getting processed by all BeanPostProcessors (for example: not eligible for auto-proxying)
2016-04-17 12:17:04.327  INFO 2348 --- [main] trationDelegate$BeanPostProcessorChecker : Bean 'spring.jackson.CONFIGURATION_PROPERTIES' of type [class org.springframework.boot.autoconfigure.jackson.JacksonProperties] is not eligible for getting processed by all BeanPostProcessors (for example: not eligible for auto-proxying)
2016-04-17 12:17:04.328  INFO 2348 --- [main] trationDelegate$BeanPostProcessorChecker : Bean 'org.springframework.boot.autoconfigure.jackson.JacksonAutoConfiguration$JacksonObjectMapperBuilderConfiguration' of type [class org.springframework.boot.autoconfigure.jackson.JacksonAutoConfiguration$JacksonObjectMapperBuilderConfiguration$$EnhancerBySpringCGLIB$$53cc3d84] is not eligible for getting processed by all BeanPostProcessors (for example: not eligible for auto-proxying)
2016-04-17 12:17:04.359  INFO 2348 --- [main] trationDelegate$BeanPostProcessorChecker : Bean 'org.springframework.data.web.config.SpringDataJacksonConfiguration' of type [class org.springframework.data.web.config.SpringDataJacksonConfiguration$$EnhancerBySpringCGLIB$$caff726e] is not eligible for getting processed by all BeanPostProcessors (for example: not eligible for auto-proxying)
2016-04-17 12:17:04.528  INFO 2348 --- [main] trationDelegate$BeanPostProcessorChecker : Bean 'jacksonGeoModule' of type [class org.springframework.data.geo.GeoModule] is not eligible for getting processed by all BeanPostProcessors (for example: not eligible for auto-proxying)
2016-04-17 12:17:04.541  INFO 2348 --- [main] trationDelegate$BeanPostProcessorChecker : Bean 'org.springframework.data.mongodb.core.GeoJsonConfiguration' of type [class org.springframework.data.mongodb.core.GeoJsonConfiguration$$EnhancerBySpringCGLIB$$11b0ba12] is not eligible for getting processed by all BeanPostProcessors (for example: not eligible for auto-proxying)
2016-04-17 12:17:04.561  INFO 2348 --- [main] trationDelegate$BeanPostProcessorChecker : Bean 'geoJsonModule' of type [class org.springframework.data.mongodb.core.geo.GeoJsonModule] is not eligible for getting processed by all BeanPostProcessors (for example: not eligible for auto-proxying)
2016-04-17 12:17:04.569  INFO 2348 --- [main] trationDelegate$BeanPostProcessorChecker : Bean 'jacksonObjectMapperBuilder' of type [class org.springframework.http.converter.json.Jackson2ObjectMapperBuilder] is not eligible for getting processed by all BeanPostProcessors (for example: not eligible for auto-proxying)
2016-04-17 12:17:04.633  INFO 2348 --- [main] trationDelegate$BeanPostProcessorChecker : Bean 'jacksonObjectMapper' of type [class com.fasterxml.jackson.databind.ObjectMapper] is not eligible for getting processed by all BeanPostProcessors (for example: not eligible for auto-proxying)
2016-04-17 12:17:04.635  INFO 2348 --- [main] trationDelegate$BeanPostProcessorChecker : Bean 'org.springframework.boot.autoconfigure.websocket.WebSocketMessagingAutoConfiguration$WebSocketMessageConverterConfiguration' of type [class org.springframework.boot.autoconfigure.websocket.WebSocketMessagingAutoConfiguration$WebSocketMessageConverterConfiguration$$EnhancerBySpringCGLIB$$f0647b62] is not eligible for getting processed by all BeanPostProcessors (for example: not eligible for auto-proxying)
2016-04-17 12:17:04.636  INFO 2348 --- [main] trationDelegate$BeanPostProcessorChecker : Bean 'org.springframework.web.socket.config.annotation.DelegatingWebSocketMessageBrokerConfiguration' of type [class org.springframework.web.socket.config.annotation.DelegatingWebSocketMessageBrokerConfiguration$$EnhancerBySpringCGLIB$$71aa0b8d] is not eligible for getting processed by all BeanPostProcessors (for example: not eligible for auto-proxying)
2016-04-17 12:17:04.709  INFO 2348 --- [main] o.s.s.concurrent.ThreadPoolTaskExecutor  : Initializing ExecutorService  'clientInboundChannelExecutor'
2016-04-17 12:17:04.710  INFO 2348 --- [main] trationDelegate$BeanPostProcessorChecker : Bean 'clientInboundChannelExecutor' of type [class org.springframework.scheduling.concurrent.ThreadPoolTaskExecutor] is not eligible for getting processed by all BeanPostProcessors (for example: not eligible for auto-proxying)
2016-04-17 12:17:04.711  INFO 2348 --- [main] o.s.s.concurrent.ThreadPoolTaskExecutor  : Initializing ExecutorService  'clientOutboundChannelExecutor'
2016-04-17 12:17:04.712  INFO 2348 --- [main] trationDelegate$BeanPostProcessorChecker : Bean 'clientOutboundChannelExecutor' of type [class org.springframework.scheduling.concurrent.ThreadPoolTaskExecutor] is not eligible for getting processed by all BeanPostProcessors (for example: not eligible for auto-proxying)
2016-04-17 12:17:04.725  INFO 2348 --- [main] trationDelegate$BeanPostProcessorChecker : Bean 'clientInboundChannel' of type [class org.springframework.messaging.support.ExecutorSubscribableChannel] is not eligible for getting processed by all BeanPostProcessors (for example: not eligible for auto-proxying)
2016-04-17 12:17:04.727  INFO 2348 --- [main] trationDelegate$BeanPostProcessorChecker : Bean 'clientOutboundChannel' of type [class org.springframework.messaging.support.ExecutorSubscribableChannel] is not eligible for getting processed by all BeanPostProcessors (for example: not eligible for auto-proxying)
2016-04-17 12:17:04.729  INFO 2348 --- [main] o.s.s.concurrent.ThreadPoolTaskExecutor  : Initializing ExecutorService  'brokerChannelExecutor'
2016-04-17 12:17:04.740  INFO 2348 --- [main] trationDelegate$BeanPostProcessorChecker : Bean 'brokerChannelExecutor' of type [class org.springframework.scheduling.concurrent.ThreadPoolTaskExecutor] is not eligible for getting processed by all BeanPostProcessors (for example: not eligible for auto-proxying)
2016-04-17 12:17:04.754  INFO 2348 --- [main] o.s.s.c.ThreadPoolTaskScheduler          : Initializing ExecutorService  'messageBrokerTaskScheduler'
2016-04-17 12:17:04.755  INFO 2348 --- [main] trationDelegate$BeanPostProcessorChecker : Bean 'messageBrokerTaskScheduler' of type [class org.springframework.scheduling.concurrent.ThreadPoolTaskScheduler] is not eligible for getting processed by all BeanPostProcessors (for example: not eligible for auto-proxying)
2016-04-17 12:17:04.767  INFO 2348 --- [main] trationDelegate$BeanPostProcessorChecker : Bean 'com.paradigma.arquitecture.configuration.CommanderConfig' of type [class com.paradigma.arquitecture.configuration.CommanderConfig$$EnhancerBySpringCGLIB$$72d3530a] is not eligible for getting processed by all BeanPostProcessors (for example: not eligible for auto-proxying)
2016-04-17 12:17:04.774  INFO 2348 --- [main] o.s.s.concurrent.ThreadPoolTaskExecutor  : Initializing ExecutorService  'getTaskExecutor'
2016-04-17 12:17:04.775  INFO 2348 --- [main] trationDelegate$BeanPostProcessorChecker : Bean 'getTaskExecutor' of type [class org.springframework.scheduling.concurrent.ThreadPoolTaskExecutor] is not eligible for getting processed by all BeanPostProcessors (for example: not eligible for auto-proxying)
2016-04-17 12:17:04.970  INFO 2348 --- [main] trationDelegate$BeanPostProcessorChecker : Bean 'org.springframework.amqp.rabbit.annotation.RabbitBootstrapConfiguration' of type [class org.springframework.amqp.rabbit.annotation.RabbitBootstrapConfiguration$$EnhancerBySpringCGLIB$$a6f27988] is not eligible for getting processed by all BeanPostProcessors (for example: not eligible for auto-proxying)
2016-04-17 12:17:05.037  INFO 2348 --- [main] trationDelegate$BeanPostProcessorChecker : Bean 'org.springframework.cache.annotation.ProxyCachingConfiguration' of type [class org.springframework.cache.annotation.ProxyCachingConfiguration$$EnhancerBySpringCGLIB$$4e8b378] is not eligible for getting processed by all BeanPostProcessors (for example: not eligible for auto-proxying)
2016-04-17 12:17:05.128  INFO 2348 --- [main] trationDelegate$BeanPostProcessorChecker : Bean 'org.springframework.security.config.annotation.configuration.ObjectPostProcessorConfiguration' of type [class org.springframework.security.config.annotation.configuration.ObjectPostProcessorConfiguration$$EnhancerBySpringCGLIB$$c6ac3214] is not eligible for getting processed by all BeanPostProcessors (for example: not eligible for auto-proxying)
2016-04-17 12:17:05.144  INFO 2348 --- [main] trationDelegate$BeanPostProcessorChecker : Bean 'objectPostProcessor' of type [class org.springframework.security.config.annotation.configuration.AutowireBeanFactoryObjectPostProcessor] is not eligible for getting processed by all BeanPostProcessors (for example: not eligible for auto-proxying)
2016-04-17 12:17:05.174  INFO 2348 --- [main] trationDelegate$BeanPostProcessorChecker : Bean 'org.springframework.security.access.expression.method.DefaultMethodSecurityExpressionHandler@5c53f292' of type [class org.springframework.security.access.expression.method.DefaultMethodSecurityExpressionHandler] is not eligible for getting processed by all BeanPostProcessors (for example: not eligible for auto-proxying)
2016-04-17 12:17:05.189  INFO 2348 --- [main] trationDelegate$BeanPostProcessorChecker : Bean 'org.springframework.security.config.annotation.method.configuration.GlobalMethodSecurityConfiguration' of type [class org.springframework.security.config.annotation.method.configuration.GlobalMethodSecurityConfiguration$$EnhancerBySpringCGLIB$$798a6686] is not eligible for getting processed by all BeanPostProcessors (for example: not eligible for auto-proxying)
2016-04-17 12:17:05.204  INFO 2348 --- [main] trationDelegate$BeanPostProcessorChecker : Bean 'methodSecurityMetadataSource' of type [class org.springframework.security.access.method.DelegatingMethodSecurityMetadataSource] is not eligible for getting processed by all BeanPostProcessors (for example: not eligible for auto-proxying)
2016-04-17 12:17:05.305  INFO 2348 --- [main] trationDelegate$BeanPostProcessorChecker : Bean 'org.springframework.cloud.autoconfigure.ConfigurationPropertiesRebinderAutoConfiguration' of type [class org.springframework.cloud.autoconfigure.ConfigurationPropertiesRebinderAutoConfiguration$$EnhancerBySpringCGLIB$$51645077] is not eligible for getting processed by all BeanPostProcessors (for example: not eligible for auto-proxying)
2016-04-17 12:17:05.336  INFO 2348 --- [main] trationDelegate$BeanPostProcessorChecker : Bean 'org.springframework.cloud.autoconfigure.RefreshEndpointAutoConfiguration' of type [class org.springframework.cloud.autoconfigure.RefreshEndpointAutoConfiguration$$EnhancerBySpringCGLIB$$84424bad] is not eligible for getting processed by all BeanPostProcessors (for example: not eligible for auto-proxying)
2016-04-17 12:17:06.032  INFO 2348 --- [main] s.b.c.e.t.TomcatEmbeddedServletContainer : Tomcat initialized with port(s): 8082 (http)
2016-04-17 12:17:06.064  INFO 2348 --- [main] o.apache.catalina.core.StandardService   : Starting service Tomcat
2016-04-17 12:17:06.066  INFO 2348 --- [main] org.apache.catalina.core.StandardEngine  : Starting Servlet Engine: Apache Tomcat/8.0.32
2016-04-17 12:17:06.402  INFO 2348 --- [localhost-startStop-1] o.a.c.c.C.[Tomcat].[localhost].[/]       : Initializing Spring embedded WebApplicationContext
2016-04-17 12:17:06.403  INFO 2348 --- [localhost-startStop-1] o.s.web.context.ContextLoader            : Root WebApplicationContext: initialization completed in 10652 ms
2016-04-17 12:17:07.441  INFO 2348 --- [localhost-startStop-1] o.s.b.c.embedded.FilterRegistrationBean  : Mapping filter: 'metricFilter' to: [/*]
2016-04-17 12:17:07.442  INFO 2348 --- [localhost-startStop-1] o.s.b.c.embedded.FilterRegistrationBean  : Mapping filter: 'characterEncodingFilter' to: [/*]
2016-04-17 12:17:07.442  INFO 2348 --- [localhost-startStop-1] o.s.b.c.embedded.FilterRegistrationBean  : Mapping filter: 'hiddenHttpMethodFilter' to: [/*]
2016-04-17 12:17:07.446  INFO 2348 --- [localhost-startStop-1] o.s.b.c.embedded.FilterRegistrationBean  : Mapping filter: 'httpPutFormContentFilter' to: [/*]
2016-04-17 12:17:07.446  INFO 2348 --- [localhost-startStop-1] o.s.b.c.embedded.FilterRegistrationBean  : Mapping filter: 'requestContextFilter' to: [/*]
2016-04-17 12:17:07.448  INFO 2348 --- [localhost-startStop-1] .e.DelegatingFilterProxyRegistrationBean : Mapping filter: 'springSecurityFilterChain' to: [/*]
2016-04-17 12:17:07.448  INFO 2348 --- [localhost-startStop-1] o.s.b.c.embedded.FilterRegistrationBean  : Mapping filter: 'webRequestLoggingFilter' to: [/*]
2016-04-17 12:17:07.448  INFO 2348 --- [localhost-startStop-1] o.s.b.c.embedded.FilterRegistrationBean  : Mapping filter: 'applicationContextIdFilter' to: [/*]
2016-04-17 12:17:07.449  INFO 2348 --- [localhost-startStop-1] o.s.b.c.e.ServletRegistrationBean        : Mapping servlet: 'dispatcherServlet' to [/]
2016-04-17 12:17:12.106  INFO 2348 --- [localhost-startStop-1] o.s.s.web.DefaultSecurityFilterChain     : Creating filter chain: OrRequestMatcher [requestMatchers=[Ant [pattern='/css/**'], Ant [pattern='/js/**'], Ant [pattern='/images/**'], Ant [pattern='/**/favicon.ico'], Ant [pattern='/error']]], []
2016-04-17 12:17:12.352  INFO 2348 --- [localhost-startStop-1] o.s.s.web.DefaultSecurityFilterChain     : Creating filter chain: org.springframework.security.web.util.matcher.AnyRequestMatcher@1, [com.paradigma.arquitecture.auth.accesstoken.StatelessAuthenticationFilter@c9bf6c6, com.paradigma.arquitecture.auth.accesstoken.StatelessLoginFilter@eb55cf5, org.springframework.security.web.servletapi.SecurityContextHolderAwareRequestFilter@6e93099, org.springframework.security.web.authentication.AnonymousAuthenticationFilter@48c1a0be, org.springframework.security.web.session.SessionManagementFilter@28409e7b, org.springframework.security.web.access.ExceptionTranslationFilter@4cf86f43, org.springframework.security.web.access.intercept.FilterSecurityInterceptor@64fa7f40]
2016-04-17 12:17:12.502  INFO 2348 --- [localhost-startStop-1] o.s.s.web.DefaultSecurityFilterChain     : Creating filter chain: org.springframework.boot.actuate.autoconfigure.ManagementWebSecurityAutoConfiguration$LazyEndpointPathRequestMatcher@36f07dfd, [org.springframework.security.web.context.request.async.WebAsyncManagerIntegrationFilter@cb5061, org.springframework.security.web.context.SecurityContextPersistenceFilter@747e27bd, org.springframework.security.web.header.HeaderWriterFilter@6716f7b7, org.springframework.security.web.authentication.logout.LogoutFilter@7f637d1f, org.springframework.security.web.authentication.www.BasicAuthenticationFilter@62ba86e4, org.springframework.security.web.savedrequest.RequestCacheAwareFilter@20c04f5b, org.springframework.security.web.servletapi.SecurityContextHolderAwareRequestFilter@654cfb6b, org.springframework.security.web.authentication.AnonymousAuthenticationFilter@60009605, org.springframework.security.web.session.SessionManagementFilter@2d1db2e1, org.springframework.security.web.access.ExceptionTranslationFilter@1da89245, org.springframework.security.web.access.intercept.FilterSecurityInterceptor@ac6371b]
2016-04-17 12:17:13.745  INFO 2348 --- [main] o.s.w.s.s.s.WebSocketHandlerMapping      : Mapped URL path [/websocket/**] onto handler of type [class org.springframework.web.socket.sockjs.support.SockJsHttpRequestHandler]
2016-04-17 12:17:15.627  INFO 2348 --- [main] o.s.cloud.commons.util.InetUtils         : Cannot determine local hostname
2016-04-17 12:17:16.057  INFO 2348 --- [main] s.w.s.m.m.a.RequestMappingHandlerAdapter : Looking for @ControllerAdvice: org.springframework.boot.context.embedded.AnnotationConfigEmbeddedWebApplicationContext@36060e: startup date [Sun Apr 17 12:16:55 CEST 2016]; parent: org.springframework.context.annotation.AnnotationConfigApplicationContext@38425407
2016-04-17 12:17:16.295  INFO 2348 --- [main] s.w.s.m.m.a.RequestMappingHandlerMapping : Mapped "{[/api/v1/user/{id}],methods=[DELETE]}" onto public void es.paradigma.service.user.controller.UserController.delete(java.lang.String)
2016-04-17 12:17:16.297  INFO 2348 --- [main] s.w.s.m.m.a.RequestMappingHandlerMapping : Mapped "{[/api/v1/user/{id}],methods=[GET]}" onto public es.paradigma.service.user.domain.User es.paradigma.service.user.controller.UserController.findById(java.lang.String)
2016-04-17 12:17:16.306  INFO 2348 --- [main] s.w.s.m.m.a.RequestMappingHandlerMapping : Mapped "{[/api/v1/user/],methods=[GET]}" onto public java.util.List<es.paradigma.service.user.domain.User> es.paradigma.service.user.controller.UserController.findAll()
2016-04-17 12:17:16.320  INFO 2348 --- [main] s.w.s.m.m.a.RequestMappingHandlerMapping : Mapped "{[/error]}" onto public org.springframework.http.ResponseEntity<java.util.Map<java.lang.String, java.lang.Object>> org.springframework.boot.autoconfigure.web.BasicErrorController.error(javax.servlet.http.HttpServletRequest)
2016-04-17 12:17:16.321  INFO 2348 --- [main] s.w.s.m.m.a.RequestMappingHandlerMapping : Mapped "{[/error],produces=[text/html]}" onto public org.springframework.web.servlet.ModelAndView org.springframework.boot.autoconfigure.web.BasicErrorController.errorHtml(javax.servlet.http.HttpServletRequest,javax.servlet.http.HttpServletResponse)
2016-04-17 12:17:16.487  INFO 2348 --- [main] o.s.w.s.handler.SimpleUrlHandlerMapping  : Mapped URL path [/webjars/**] onto handler of type [class org.springframework.web.servlet.resource.ResourceHttpRequestHandler]
2016-04-17 12:17:16.488  INFO 2348 --- [main] o.s.w.s.handler.SimpleUrlHandlerMapping  : Mapped URL path [/**] onto handler of type [class org.springframework.web.servlet.resource.ResourceHttpRequestHandler]
2016-04-17 12:17:16.621  INFO 2348 --- [main] o.s.w.s.handler.SimpleUrlHandlerMapping  : Mapped URL path [/**/favicon.ico] onto handler of type [class org.springframework.web.servlet.resource.ResourceHttpRequestHandler]
2016-04-17 12:17:18.829  INFO 2348 --- [main] o.s.b.a.e.mvc.EndpointHandlerMapping     : Mapped "{[/metrics/{name:.*}],methods=[GET],produces=[application/json]}" onto public java.lang.Object org.springframework.boot.actuate.endpoint.mvc.MetricsMvcEndpoint.value(java.lang.String)
2016-04-17 12:17:18.835  INFO 2348 --- [main] o.s.b.a.e.mvc.EndpointHandlerMapping     : Mapped "{[/metrics || /metrics.json],methods=[GET],produces=[application/json]}" onto public java.lang.Object org.springframework.boot.actuate.endpoint.mvc.EndpointMvcAdapter.invoke()
2016-04-17 12:17:18.836  INFO 2348 --- [main] o.s.b.a.e.mvc.EndpointHandlerMapping     : Mapped "{[/logfile || /logfile.json],methods=[GET || HEAD]}" onto public void org.springframework.boot.actuate.endpoint.mvc.LogFileMvcEndpoint.invoke(javax.servlet.http.HttpServletRequest,javax.servlet.http.HttpServletResponse) throws javax.servlet.ServletException,java.io.IOException
2016-04-17 12:17:18.840  INFO 2348 --- [main] o.s.b.a.e.mvc.EndpointHandlerMapping     : Mapped "{[/autoconfig || /autoconfig.json],methods=[GET],produces=[application/json]}" onto public java.lang.Object org.springframework.boot.actuate.endpoint.mvc.EndpointMvcAdapter.invoke()
2016-04-17 12:17:18.841  INFO 2348 --- [main] o.s.b.a.e.mvc.EndpointHandlerMapping     : Mapped "{[/pause || /pause.json],methods=[POST]}" onto public java.lang.Object org.springframework.cloud.endpoint.GenericPostableMvcEndpoint.invoke()
2016-04-17 12:17:18.852  INFO 2348 --- [main] o.s.b.a.e.mvc.EndpointHandlerMapping     : Mapped "{[/beans || /beans.json],methods=[GET],produces=[application/json]}" onto public java.lang.Object org.springframework.boot.actuate.endpoint.mvc.EndpointMvcAdapter.invoke()
2016-04-17 12:17:18.854  INFO 2348 --- [main] o.s.b.a.e.mvc.EndpointHandlerMapping     : Mapped "{[/trace || /trace.json],methods=[GET],produces=[application/json]}" onto public java.lang.Object org.springframework.boot.actuate.endpoint.mvc.EndpointMvcAdapter.invoke()
2016-04-17 12:17:18.867  INFO 2348 --- [main] o.s.b.a.e.mvc.EndpointHandlerMapping     : Mapped "{[/configprops || /configprops.json],methods=[GET],produces=[application/json]}" onto public java.lang.Object org.springframework.boot.actuate.endpoint.mvc.EndpointMvcAdapter.invoke()
2016-04-17 12:17:18.874  INFO 2348 --- [main] o.s.b.a.e.mvc.EndpointHandlerMapping     : Mapped "{[/restart || /restart.json],methods=[POST]}" onto public java.lang.Object org.springframework.cloud.context.restart.RestartMvcEndpoint.invoke()
2016-04-17 12:17:18.876  INFO 2348 --- [main] o.s.b.a.e.mvc.EndpointHandlerMapping     : Mapped "{[/dump || /dump.json],methods=[GET],produces=[application/json]}" onto public java.lang.Object org.springframework.boot.actuate.endpoint.mvc.EndpointMvcAdapter.invoke()
2016-04-17 12:17:18.879  INFO 2348 --- [main] o.s.b.a.e.mvc.EndpointHandlerMapping     : Mapped "{[/resume || /resume.json],methods=[POST]}" onto public java.lang.Object org.springframework.cloud.endpoint.GenericPostableMvcEndpoint.invoke()
2016-04-17 12:17:18.889  INFO 2348 --- [main] o.s.b.a.e.mvc.EndpointHandlerMapping     : Mapped "{[/features || /features.json],methods=[GET],produces=[application/json]}" onto public java.lang.Object org.springframework.boot.actuate.endpoint.mvc.EndpointMvcAdapter.invoke()
2016-04-17 12:17:18.891  INFO 2348 --- [main] o.s.b.a.e.mvc.EndpointHandlerMapping     : Mapped "{[/mappings || /mappings.json],methods=[GET],produces=[application/json]}" onto public java.lang.Object org.springframework.boot.actuate.endpoint.mvc.EndpointMvcAdapter.invoke()
2016-04-17 12:17:18.895  INFO 2348 --- [main] o.s.b.a.e.mvc.EndpointHandlerMapping     : Mapped "{[/env/{name:.*}],methods=[GET],produces=[application/json]}" onto public java.lang.Object org.springframework.boot.actuate.endpoint.mvc.EnvironmentMvcEndpoint.value(java.lang.String)
2016-04-17 12:17:18.917  INFO 2348 --- [main] o.s.b.a.e.mvc.EndpointHandlerMapping     : Mapped "{[/env || /env.json],methods=[GET],produces=[application/json]}" onto public java.lang.Object org.springframework.boot.actuate.endpoint.mvc.EndpointMvcAdapter.invoke()
2016-04-17 12:17:18.919  INFO 2348 --- [main] o.s.b.a.e.mvc.EndpointHandlerMapping     : Mapped "{[/health || /health.json],produces=[application/json]}" onto public java.lang.Object org.springframework.boot.actuate.endpoint.mvc.HealthMvcEndpoint.invoke(java.security.Principal)
2016-04-17 12:17:18.920  INFO 2348 --- [main] o.s.b.a.e.mvc.EndpointHandlerMapping     : Mapped "{[/info || /info.json],methods=[GET],produces=[application/json]}" onto public java.lang.Object org.springframework.boot.actuate.endpoint.mvc.EndpointMvcAdapter.invoke()
2016-04-17 12:17:18.922  INFO 2348 --- [main] o.s.b.a.e.mvc.EndpointHandlerMapping     : Mapped "{[/env],methods=[POST]}" onto public java.lang.Object org.springframework.cloud.context.environment.EnvironmentManagerMvcEndpoint.value(java.util.Map<java.lang.String, java.lang.String>)
2016-04-17 12:17:18.924  INFO 2348 --- [main] o.s.b.a.e.mvc.EndpointHandlerMapping     : Mapped "{[/env/reset],methods=[POST]}" onto public java.util.Map<java.lang.String, java.lang.Object> org.springframework.cloud.context.environment.EnvironmentManagerMvcEndpoint.reset()
2016-04-17 12:17:18.925  INFO 2348 --- [main] o.s.b.a.e.mvc.EndpointHandlerMapping     : Mapped "{[/refresh || /refresh.json],methods=[POST]}" onto public java.lang.Object org.springframework.cloud.endpoint.GenericPostableMvcEndpoint.invoke()
2016-04-17 12:17:18.927  INFO 2348 --- [main] o.s.b.a.e.mvc.EndpointHandlerMapping     : Mapped "{[/archaius || /archaius.json],methods=[GET],produces=[application/json]}" onto public java.lang.Object org.springframework.boot.actuate.endpoint.mvc.EndpointMvcAdapter.invoke()
2016-04-17 12:17:19.480  WARN 2348 --- [main] c.n.c.sources.URLConfigurationSource     : No URLs will be polled as dynamic configuration sources.
2016-04-17 12:17:19.480  INFO 2348 --- [main] c.n.c.sources.URLConfigurationSource     : To enable URLs as dynamic configuration sources, define System property archaius.configurationSource.additionalUrls or make config.properties available on classpath.
2016-04-17 12:17:19.505  WARN 2348 --- [main] c.n.c.sources.URLConfigurationSource     : No URLs will be polled as dynamic configuration sources.
2016-04-17 12:17:19.509  INFO 2348 --- [main] c.n.c.sources.URLConfigurationSource     : To enable URLs as dynamic configuration sources, define System property archaius.configurationSource.additionalUrls or make config.properties available on classpath.
2016-04-17 12:17:20.176  INFO 2348 --- [main] o.s.j.e.a.AnnotationMBeanExporter        : Registering beans for JMX exposure on startup
2016-04-17 12:17:20.222  INFO 2348 --- [main] o.s.j.e.a.AnnotationMBeanExporter        : Bean with name 'refreshScope' has been autodetected for JMX exposure
2016-04-17 12:17:20.223  INFO 2348 --- [main] o.s.j.e.a.AnnotationMBeanExporter        : Bean with name 'environmentManager' has been autodetected for JMX exposure
2016-04-17 12:17:20.227  INFO 2348 --- [main] o.s.j.e.a.AnnotationMBeanExporter        : Bean with name 'configurationPropertiesRebinder' has been autodetected for JMX exposure
2016-04-17 12:17:20.228  INFO 2348 --- [main] o.s.j.e.a.AnnotationMBeanExporter        : Bean with name 'refreshEndpoint' has been autodetected for JMX exposure
2016-04-17 12:17:20.230  INFO 2348 --- [main] o.s.j.e.a.AnnotationMBeanExporter        : Bean with name 'restartEndpoint' has been autodetected for JMX exposure
2016-04-17 12:17:20.235  INFO 2348 --- [main] o.s.j.e.a.AnnotationMBeanExporter        : Located managed bean 'environmentManager': registering with JMX server as MBean [org.springframework.cloud.context.environment:name=environmentManager,type=EnvironmentManager]
2016-04-17 12:17:20.263  INFO 2348 --- [main] o.s.j.e.a.AnnotationMBeanExporter        : Located managed bean 'restartEndpoint': registering with JMX server as MBean [org.springframework.cloud.context.restart:name=restartEndpoint,type=RestartEndpoint]
2016-04-17 12:17:20.351  INFO 2348 --- [main] o.s.j.e.a.AnnotationMBeanExporter        : Located managed bean 'refreshScope': registering with JMX server as MBean [org.springframework.cloud.context.scope.refresh:name=refreshScope,type=RefreshScope]
2016-04-17 12:17:20.389  INFO 2348 --- [main] o.s.j.e.a.AnnotationMBeanExporter        : Located managed bean 'configurationPropertiesRebinder': registering with JMX server as MBean [org.springframework.cloud.context.properties:name=configurationPropertiesRebinder,context=36060e,type=ConfigurationPropertiesRebinder]
2016-04-17 12:17:20.421  INFO 2348 --- [main] o.s.j.e.a.AnnotationMBeanExporter        : Located managed bean 'refreshEndpoint': registering with JMX server as MBean [org.springframework.cloud.endpoint:name=refreshEndpoint,type=RefreshEndpoint]
2016-04-17 12:17:21.174  INFO 2348 --- [main] o.s.c.support.DefaultLifecycleProcessor  : Starting beans in phase -2147482648
2016-04-17 12:17:21.176  INFO 2348 --- [main] o.s.c.support.DefaultLifecycleProcessor  : Starting beans in phase 0
2016-04-17 12:17:21.209  INFO 2348 --- [main] o.s.c.n.eureka.InstanceInfoFactory       : Setting initial instance status as: STARTING
2016-04-17 12:17:21.859  INFO 2348 --- [main] c.n.d.provider.DiscoveryJerseyProvider   : Using JSON encoding codec LegacyJacksonJson
2016-04-17 12:17:21.873  INFO 2348 --- [main] c.n.d.provider.DiscoveryJerseyProvider   : Using JSON decoding codec LegacyJacksonJson
2016-04-17 12:17:22.205  INFO 2348 --- [main] c.n.d.provider.DiscoveryJerseyProvider   : Using XML encoding codec XStreamXml
2016-04-17 12:17:22.205  INFO 2348 --- [main] c.n.d.provider.DiscoveryJerseyProvider   : Using XML decoding codec XStreamXml
2016-04-17 12:17:22.745  INFO 2348 --- [main] c.n.d.s.r.aws.ConfigClusterResolver      : Resolving eureka endpoints via configuration
2016-04-17 12:17:22.990  INFO 2348 --- [main] com.netflix.discovery.DiscoveryClient    : Disable delta property : false
2016-04-17 12:17:22.990  INFO 2348 --- [main] com.netflix.discovery.DiscoveryClient    : Single vip registry refresh property : null
2016-04-17 12:17:22.990  INFO 2348 --- [main] com.netflix.discovery.DiscoveryClient    : Force full registry fetch : false
2016-04-17 12:17:22.990  INFO 2348 --- [main] com.netflix.discovery.DiscoveryClient    : Application is null : false
2016-04-17 12:17:22.990  INFO 2348 --- [main] com.netflix.discovery.DiscoveryClient    : Registered Applications size is zero : true
2016-04-17 12:17:22.991  INFO 2348 --- [main] com.netflix.discovery.DiscoveryClient    : Application version is -1: true
2016-04-17 12:17:22.991  INFO 2348 --- [main] com.netflix.discovery.DiscoveryClient    : Getting all instance registry info from the eureka server
2016-04-17 12:17:23.234  INFO 2348 --- [main] com.netflix.discovery.DiscoveryClient    : The response status is 200
2016-04-17 12:17:23.237  INFO 2348 --- [main] com.netflix.discovery.DiscoveryClient    : Starting heartbeat executor: renew interval is: 30
2016-04-17 12:17:23.246  INFO 2348 --- [main] c.n.discovery.InstanceInfoReplicator     : InstanceInfoReplicator onDemand update allowed rate per min is 4
2016-04-17 12:17:23.331  INFO 2348 --- [main] c.n.e.EurekaDiscoveryClientConfiguration : Registering application userService with eureka with status UP
2016-04-17 12:17:23.339  INFO 2348 --- [main] com.netflix.discovery.DiscoveryClient    : Saw local status change event StatusChangeEvent [timestamp=1460888243339, current=UP, previous=STARTING]
2016-04-17 12:17:23.346  INFO 2348 --- [DiscoveryClient-InstanceInfoReplicator-0] com.netflix.discovery.DiscoveryClient    : DiscoveryClient_USERSERVICE/localhost:userService:8082: registering service...
2016-04-17 12:17:23.454  INFO 2348 --- [DiscoveryClient-InstanceInfoReplicator-0] com.netflix.discovery.DiscoveryClient    : DiscoveryClient_USERSERVICE/localhost:userService:8082 - registration status: 204
2016-04-17 12:17:23.485  INFO 2348 --- [main] o.s.c.support.DefaultLifecycleProcessor  : Starting beans in phase 2147483647
2016-04-17 12:17:23.488  INFO 2348 --- [main] o.s.m.s.b.SimpleBrokerMessageHandler     : Starting...
2016-04-17 12:17:23.490  INFO 2348 --- [main] o.s.m.s.b.SimpleBrokerMessageHandler     : BrokerAvailabilityEvent[available=true, SimpleBrokerMessageHandler [DefaultSubscriptionRegistry[cache[0 destination(s)], registry[0 sessions]]]]
2016-04-17 12:17:23.497  INFO 2348 --- [main] o.s.m.s.b.SimpleBrokerMessageHandler     : Started.
2016-04-17 12:17:23.774  INFO 2348 --- [SimpleAsyncTaskExecutor-1] o.s.a.r.c.CachingConnectionFactory       : Created new connection: SimpleConnection@774922b7 [delegate=amqp://guest@192.168.99.100:5672/]
2016-04-17 12:17:23.781  INFO 2348 --- [SimpleAsyncTaskExecutor-1] o.s.amqp.rabbit.core.RabbitAdmin         : Auto-declaring a non-durable, auto-delete, or exclusive Queue (arquitectureQueue) durable:false, auto-delete:false, exclusive:false. It will be redeclared if the broker stops and is restarted while the connection factory is alive, but all messages will be lost.
2016-04-17 12:17:24.195  INFO 2348 --- [main] s.b.c.e.t.TomcatEmbeddedServletContainer : Tomcat started on port(s): 8082 (http)
2016-04-17 12:17:24.196  INFO 2348 --- [main] c.n.e.EurekaDiscoveryClientConfiguration : Updating port to 8082
2016-04-17 12:17:24.203  INFO 2348 --- [main] e.p.service.user.UserApplication         : Started UserApplication in 35.878 seconds (JVM running for 36.839)
2016-04-17 12:18:13.782  INFO 2348 --- [MessageBroker-1] o.s.w.s.c.WebSocketMessageBrokerStats    : WebSocketSession[0 current WS(0)-HttpStream(0)-HttpPoll(0), 0 total, 0 closed abnormally (0 connect failure, 0 send limit, 0 transport error)], stompSubProtocol[processed CONNECT(0)-CONNECTED(0)-DISCONNECT(0)], stompBrokerRelay[null], inboundChannel[pool size = 0, active threads = 0, queued tasks = 0, completed tasks = 0], outboundChannelpool size = 0, active threads = 0, queued tasks = 0, completed tasks = 0], sockJsScheduler[pool size = 1, active threads = 1, queued tasks = 0, completed tasks = 0]
2016-04-17 12:19:32.280  INFO 2348 --- [http-nio-8082-exec-1] o.a.c.c.C.[Tomcat].[localhost].[/]       : Initializing Spring FrameworkServlet 'dispatcherServlet'
2016-04-17 12:19:32.281  INFO 2348 --- [http-nio-8082-exec-1] o.s.web.servlet.DispatcherServlet        : FrameworkServlet 'dispatcherServlet': initialization started
2016-04-17 12:19:32.314  INFO 2348 --- [http-nio-8082-exec-1] o.s.web.servlet.DispatcherServlet        : FrameworkServlet 'dispatcherServlet': initialization completed in 33 ms
2016-04-17 12:22:22.999  INFO 2348 --- [AsyncResolver-bootstrap-executor-0] c.n.d.s.r.aws.ConfigClusterResolver      : Resolving eureka endpoints via configuration
