2016-04-17 12:18:46.591  INFO 13416 --- [main] c.c.c.ConfigServicePropertySourceLocator : Fetching config from server at: http://localhost:8888
2016-04-17 12:18:48.824  INFO 13416 --- [main] c.c.c.ConfigServicePropertySourceLocator : Located environment: name=agregationService, profiles=[local], label=null, version=091712d27428276d185df074759638f0f0aaba70
2016-04-17 12:18:48.825  INFO 13416 --- [main] b.c.PropertySourceBootstrapConfiguration : Located property source: CompositePropertySource [name='configService', propertySources=[MapPropertySource [name='https://github.com/javyxx/configserver.git/agregationService-local.yml']]]
2016-04-17 12:18:48.954  INFO 13416 --- [main] e.p.s.agregation.AgregationApplication   : The following profiles are active: local
2016-04-17 12:18:49.079  INFO 13416 --- [main] ationConfigEmbeddedWebApplicationContext : Refreshing org.springframework.boot.context.embedded.AnnotationConfigEmbeddedWebApplicationContext@51549490: startup date [Sun Apr 17 12:18:49 CEST 2016]; parent: org.springframework.context.annotation.AnnotationConfigApplicationContext@5fe94a96
2016-04-17 12:18:53.891  INFO 13416 --- [main] o.s.b.f.s.DefaultListableBeanFactory     : Overriding bean definition for bean 'userDetailsService' with a different definition: replacing [Root bean: class [null]; scope=; abstract=false; lazyInit=false; autowireMode=3; dependencyCheck=0; autowireCandidate=true; primary=false; factoryBeanName=com.paradigma.arquitecture.configuration.security.AccessTokenSecurityConfig; factoryMethodName=userDetailsService; initMethodName=null; destroyMethodName=(inferred); defined in class path resource [com/paradigma/arquitecture/configuration/security/AccessTokenSecurityConfig.class]] with [Root bean: class [null]; scope=; abstract=false; lazyInit=false; autowireMode=3; dependencyCheck=0; autowireCandidate=true; primary=true; factoryBeanName=com.paradigma.arquitecture.provider.configure.MongoProviderConfig; factoryMethodName=userDetailsService; initMethodName=null; destroyMethodName=(inferred); defined in class path resource [com/paradigma/arquitecture/provider/configure/MongoProviderConfig.class]]
2016-04-17 12:18:54.309  INFO 13416 --- [main] o.s.b.f.s.DefaultListableBeanFactory     : Overriding bean definition for bean 'beanNameViewResolver' with a different definition: replacing [Root bean: class [null]; scope=; abstract=false; lazyInit=false; autowireMode=3; dependencyCheck=0; autowireCandidate=true; primary=false; factoryBeanName=org.springframework.boot.autoconfigure.web.ErrorMvcAutoConfiguration$WhitelabelErrorViewConfiguration; factoryMethodName=beanNameViewResolver; initMethodName=null; destroyMethodName=(inferred); defined in class path resource [org/springframework/boot/autoconfigure/web/ErrorMvcAutoConfiguration$WhitelabelErrorViewConfiguration.class]] with [Root bean: class [null]; scope=; abstract=false; lazyInit=false; autowireMode=3; dependencyCheck=0; autowireCandidate=true; primary=false; factoryBeanName=org.springframework.boot.autoconfigure.web.WebMvcAutoConfiguration$WebMvcAutoConfigurationAdapter; factoryMethodName=beanNameViewResolver; initMethodName=null; destroyMethodName=(inferred); defined in class path resource [org/springframework/boot/autoconfigure/web/WebMvcAutoConfiguration$WebMvcAutoConfigurationAdapter.class]]
2016-04-17 12:18:55.964  INFO 13416 --- [main] o.s.cloud.context.scope.GenericScope     : BeanFactory id=4bfd1dd4-cc66-36d0-b318-0d3a6ca7e30f
2016-04-17 12:18:55.995  INFO 13416 --- [main] f.a.AutowiredAnnotationBeanPostProcessor : JSR-330 'javax.inject.Inject' annotation found and supported for autowiring
2016-04-17 12:18:56.153  INFO 13416 --- [main] trationDelegate$BeanPostProcessorChecker : Bean 'com.paradigma.arquitecture.configuration.WebSocketConfig' of type [class com.paradigma.arquitecture.configuration.WebSocketConfig$$EnhancerBySpringCGLIB$$e8d01826] is not eligible for getting processed by all BeanPostProcessors (for example: not eligible for auto-proxying)
2016-04-17 12:18:56.172  INFO 13416 --- [main] trationDelegate$BeanPostProcessorChecker : Bean 'org.springframework.boot.autoconfigure.jackson.JacksonAutoConfiguration$JacksonObjectMapperConfiguration' of type [class org.springframework.boot.autoconfigure.jackson.JacksonAutoConfiguration$JacksonObjectMapperConfiguration$$EnhancerBySpringCGLIB$$f36e4f38] is not eligible for getting processed by all BeanPostProcessors (for example: not eligible for auto-proxying)
2016-04-17 12:18:56.229  INFO 13416 --- [main] trationDelegate$BeanPostProcessorChecker : Bean 'spring.jackson.CONFIGURATION_PROPERTIES' of type [class org.springframework.boot.autoconfigure.jackson.JacksonProperties] is not eligible for getting processed by all BeanPostProcessors (for example: not eligible for auto-proxying)
2016-04-17 12:18:56.231  INFO 13416 --- [main] trationDelegate$BeanPostProcessorChecker : Bean 'org.springframework.boot.autoconfigure.jackson.JacksonAutoConfiguration$JacksonObjectMapperBuilderConfiguration' of type [class org.springframework.boot.autoconfigure.jackson.JacksonAutoConfiguration$JacksonObjectMapperBuilderConfiguration$$EnhancerBySpringCGLIB$$3040c231] is not eligible for getting processed by all BeanPostProcessors (for example: not eligible for auto-proxying)
2016-04-17 12:18:56.245  INFO 13416 --- [main] trationDelegate$BeanPostProcessorChecker : Bean 'org.springframework.data.web.config.SpringDataJacksonConfiguration' of type [class org.springframework.data.web.config.SpringDataJacksonConfiguration$$EnhancerBySpringCGLIB$$a773f71b] is not eligible for getting processed by all BeanPostProcessors (for example: not eligible for auto-proxying)
2016-04-17 12:18:56.279  INFO 13416 --- [main] trationDelegate$BeanPostProcessorChecker : Bean 'jacksonGeoModule' of type [class org.springframework.data.geo.GeoModule] is not eligible for getting processed by all BeanPostProcessors (for example: not eligible for auto-proxying)
2016-04-17 12:18:56.289  INFO 13416 --- [main] trationDelegate$BeanPostProcessorChecker : Bean 'org.springframework.data.mongodb.core.GeoJsonConfiguration' of type [class org.springframework.data.mongodb.core.GeoJsonConfiguration$$EnhancerBySpringCGLIB$$ee253ebf] is not eligible for getting processed by all BeanPostProcessors (for example: not eligible for auto-proxying)
2016-04-17 12:18:56.306  INFO 13416 --- [main] trationDelegate$BeanPostProcessorChecker : Bean 'geoJsonModule' of type [class org.springframework.data.mongodb.core.geo.GeoJsonModule] is not eligible for getting processed by all BeanPostProcessors (for example: not eligible for auto-proxying)
2016-04-17 12:18:56.312  INFO 13416 --- [main] trationDelegate$BeanPostProcessorChecker : Bean 'jacksonObjectMapperBuilder' of type [class org.springframework.http.converter.json.Jackson2ObjectMapperBuilder] is not eligible for getting processed by all BeanPostProcessors (for example: not eligible for auto-proxying)
2016-04-17 12:18:56.362  INFO 13416 --- [main] trationDelegate$BeanPostProcessorChecker : Bean 'jacksonObjectMapper' of type [class com.fasterxml.jackson.databind.ObjectMapper] is not eligible for getting processed by all BeanPostProcessors (for example: not eligible for auto-proxying)
2016-04-17 12:18:56.367  INFO 13416 --- [main] trationDelegate$BeanPostProcessorChecker : Bean 'org.springframework.boot.autoconfigure.websocket.WebSocketMessagingAutoConfiguration$WebSocketMessageConverterConfiguration' of type [class org.springframework.boot.autoconfigure.websocket.WebSocketMessagingAutoConfiguration$WebSocketMessageConverterConfiguration$$EnhancerBySpringCGLIB$$ccd9000f] is not eligible for getting processed by all BeanPostProcessors (for example: not eligible for auto-proxying)
2016-04-17 12:18:56.373  INFO 13416 --- [main] trationDelegate$BeanPostProcessorChecker : Bean 'org.springframework.web.socket.config.annotation.DelegatingWebSocketMessageBrokerConfiguration' of type [class org.springframework.web.socket.config.annotation.DelegatingWebSocketMessageBrokerConfiguration$$EnhancerBySpringCGLIB$$4e1e903a] is not eligible for getting processed by all BeanPostProcessors (for example: not eligible for auto-proxying)
2016-04-17 12:18:56.414  INFO 13416 --- [main] o.s.s.concurrent.ThreadPoolTaskExecutor  : Initializing ExecutorService  'clientInboundChannelExecutor'
2016-04-17 12:18:56.415  INFO 13416 --- [main] trationDelegate$BeanPostProcessorChecker : Bean 'clientInboundChannelExecutor' of type [class org.springframework.scheduling.concurrent.ThreadPoolTaskExecutor] is not eligible for getting processed by all BeanPostProcessors (for example: not eligible for auto-proxying)
2016-04-17 12:18:56.420  INFO 13416 --- [main] o.s.s.concurrent.ThreadPoolTaskExecutor  : Initializing ExecutorService  'clientOutboundChannelExecutor'
2016-04-17 12:18:56.421  INFO 13416 --- [main] trationDelegate$BeanPostProcessorChecker : Bean 'clientOutboundChannelExecutor' of type [class org.springframework.scheduling.concurrent.ThreadPoolTaskExecutor] is not eligible for getting processed by all BeanPostProcessors (for example: not eligible for auto-proxying)
2016-04-17 12:18:56.428  INFO 13416 --- [main] trationDelegate$BeanPostProcessorChecker : Bean 'clientInboundChannel' of type [class org.springframework.messaging.support.ExecutorSubscribableChannel] is not eligible for getting processed by all BeanPostProcessors (for example: not eligible for auto-proxying)
2016-04-17 12:18:56.429  INFO 13416 --- [main] trationDelegate$BeanPostProcessorChecker : Bean 'clientOutboundChannel' of type [class org.springframework.messaging.support.ExecutorSubscribableChannel] is not eligible for getting processed by all BeanPostProcessors (for example: not eligible for auto-proxying)
2016-04-17 12:18:56.432  INFO 13416 --- [main] o.s.s.concurrent.ThreadPoolTaskExecutor  : Initializing ExecutorService  'brokerChannelExecutor'
2016-04-17 12:18:56.433  INFO 13416 --- [main] trationDelegate$BeanPostProcessorChecker : Bean 'brokerChannelExecutor' of type [class org.springframework.scheduling.concurrent.ThreadPoolTaskExecutor] is not eligible for getting processed by all BeanPostProcessors (for example: not eligible for auto-proxying)
2016-04-17 12:18:56.443  INFO 13416 --- [main] o.s.s.c.ThreadPoolTaskScheduler          : Initializing ExecutorService  'messageBrokerTaskScheduler'
2016-04-17 12:18:56.444  INFO 13416 --- [main] trationDelegate$BeanPostProcessorChecker : Bean 'messageBrokerTaskScheduler' of type [class org.springframework.scheduling.concurrent.ThreadPoolTaskScheduler] is not eligible for getting processed by all BeanPostProcessors (for example: not eligible for auto-proxying)
2016-04-17 12:18:56.470  INFO 13416 --- [main] trationDelegate$BeanPostProcessorChecker : Bean 'com.paradigma.arquitecture.configuration.CommanderConfig' of type [class com.paradigma.arquitecture.configuration.CommanderConfig$$EnhancerBySpringCGLIB$$4f47d7b7] is not eligible for getting processed by all BeanPostProcessors (for example: not eligible for auto-proxying)
2016-04-17 12:18:56.476  INFO 13416 --- [main] o.s.s.concurrent.ThreadPoolTaskExecutor  : Initializing ExecutorService  'getTaskExecutor'
2016-04-17 12:18:56.477  INFO 13416 --- [main] trationDelegate$BeanPostProcessorChecker : Bean 'getTaskExecutor' of type [class org.springframework.scheduling.concurrent.ThreadPoolTaskExecutor] is not eligible for getting processed by all BeanPostProcessors (for example: not eligible for auto-proxying)
2016-04-17 12:18:56.522  INFO 13416 --- [main] trationDelegate$BeanPostProcessorChecker : Bean 'org.springframework.amqp.rabbit.annotation.RabbitBootstrapConfiguration' of type [class org.springframework.amqp.rabbit.annotation.RabbitBootstrapConfiguration$$EnhancerBySpringCGLIB$$8366fe35] is not eligible for getting processed by all BeanPostProcessors (for example: not eligible for auto-proxying)
2016-04-17 12:18:56.596  INFO 13416 --- [main] trationDelegate$BeanPostProcessorChecker : Bean 'org.springframework.cache.annotation.ProxyCachingConfiguration' of type [class org.springframework.cache.annotation.ProxyCachingConfiguration$$EnhancerBySpringCGLIB$$e15d3825] is not eligible for getting processed by all BeanPostProcessors (for example: not eligible for auto-proxying)
2016-04-17 12:18:56.632  INFO 13416 --- [main] trationDelegate$BeanPostProcessorChecker : Bean 'org.springframework.security.config.annotation.configuration.ObjectPostProcessorConfiguration' of type [class org.springframework.security.config.annotation.configuration.ObjectPostProcessorConfiguration$$EnhancerBySpringCGLIB$$a320b6c1] is not eligible for getting processed by all BeanPostProcessors (for example: not eligible for auto-proxying)
2016-04-17 12:18:56.647  INFO 13416 --- [main] trationDelegate$BeanPostProcessorChecker : Bean 'objectPostProcessor' of type [class org.springframework.security.config.annotation.configuration.AutowireBeanFactoryObjectPostProcessor] is not eligible for getting processed by all BeanPostProcessors (for example: not eligible for auto-proxying)
2016-04-17 12:18:56.652  INFO 13416 --- [main] trationDelegate$BeanPostProcessorChecker : Bean 'org.springframework.security.access.expression.method.DefaultMethodSecurityExpressionHandler@16a5c7e4' of type [class org.springframework.security.access.expression.method.DefaultMethodSecurityExpressionHandler] is not eligible for getting processed by all BeanPostProcessors (for example: not eligible for auto-proxying)
2016-04-17 12:18:56.664  INFO 13416 --- [main] trationDelegate$BeanPostProcessorChecker : Bean 'org.springframework.security.config.annotation.method.configuration.GlobalMethodSecurityConfiguration' of type [class org.springframework.security.config.annotation.method.configuration.GlobalMethodSecurityConfiguration$$EnhancerBySpringCGLIB$$55feeb33] is not eligible for getting processed by all BeanPostProcessors (for example: not eligible for auto-proxying)
2016-04-17 12:18:56.682  INFO 13416 --- [main] trationDelegate$BeanPostProcessorChecker : Bean 'methodSecurityMetadataSource' of type [class org.springframework.security.access.method.DelegatingMethodSecurityMetadataSource] is not eligible for getting processed by all BeanPostProcessors (for example: not eligible for auto-proxying)
2016-04-17 12:18:56.762  INFO 13416 --- [main] trationDelegate$BeanPostProcessorChecker : Bean 'org.springframework.cloud.autoconfigure.ConfigurationPropertiesRebinderAutoConfiguration' of type [class org.springframework.cloud.autoconfigure.ConfigurationPropertiesRebinderAutoConfiguration$$EnhancerBySpringCGLIB$$2dd8d524] is not eligible for getting processed by all BeanPostProcessors (for example: not eligible for auto-proxying)
2016-04-17 12:18:56.813  INFO 13416 --- [main] trationDelegate$BeanPostProcessorChecker : Bean 'org.springframework.cloud.autoconfigure.RefreshEndpointAutoConfiguration' of type [class org.springframework.cloud.autoconfigure.RefreshEndpointAutoConfiguration$$EnhancerBySpringCGLIB$$60b6d05a] is not eligible for getting processed by all BeanPostProcessors (for example: not eligible for auto-proxying)
2016-04-17 12:18:57.527  INFO 13416 --- [main] s.b.c.e.t.TomcatEmbeddedServletContainer : Tomcat initialized with port(s): 8080 (http)
2016-04-17 12:18:57.634  INFO 13416 --- [main] o.apache.catalina.core.StandardService   : Starting service Tomcat
2016-04-17 12:18:57.641  INFO 13416 --- [main] org.apache.catalina.core.StandardEngine  : Starting Servlet Engine: Apache Tomcat/8.0.30
2016-04-17 12:18:58.218  INFO 13416 --- [localhost-startStop-1] o.a.c.c.C.[Tomcat].[localhost].[/]       : Initializing Spring embedded WebApplicationContext
2016-04-17 12:18:58.220  INFO 13416 --- [localhost-startStop-1] o.s.web.context.ContextLoader            : Root WebApplicationContext: initialization completed in 9141 ms
2016-04-17 12:18:59.385  INFO 13416 --- [localhost-startStop-1] o.s.b.c.embedded.FilterRegistrationBean  : Mapping filter: 'metricFilter' to: [/*]
2016-04-17 12:18:59.386  INFO 13416 --- [localhost-startStop-1] o.s.b.c.embedded.FilterRegistrationBean  : Mapping filter: 'characterEncodingFilter' to: [/*]
2016-04-17 12:18:59.387  INFO 13416 --- [localhost-startStop-1] o.s.b.c.embedded.FilterRegistrationBean  : Mapping filter: 'hiddenHttpMethodFilter' to: [/*]
2016-04-17 12:18:59.387  INFO 13416 --- [localhost-startStop-1] o.s.b.c.embedded.FilterRegistrationBean  : Mapping filter: 'httpPutFormContentFilter' to: [/*]
2016-04-17 12:18:59.388  INFO 13416 --- [localhost-startStop-1] o.s.b.c.embedded.FilterRegistrationBean  : Mapping filter: 'requestContextFilter' to: [/*]
2016-04-17 12:18:59.390  INFO 13416 --- [localhost-startStop-1] .e.DelegatingFilterProxyRegistrationBean : Mapping filter: 'springSecurityFilterChain' to: [/*]
2016-04-17 12:18:59.391  INFO 13416 --- [localhost-startStop-1] o.s.b.c.embedded.FilterRegistrationBean  : Mapping filter: 'webRequestLoggingFilter' to: [/*]
2016-04-17 12:18:59.391  INFO 13416 --- [localhost-startStop-1] o.s.b.c.embedded.FilterRegistrationBean  : Mapping filter: 'applicationContextIdFilter' to: [/*]
2016-04-17 12:18:59.392  INFO 13416 --- [localhost-startStop-1] o.s.b.c.e.ServletRegistrationBean        : Mapping servlet: 'dispatcherServlet' to [/]
2016-04-17 12:19:02.989  INFO 13416 --- [localhost-startStop-1] o.s.s.web.DefaultSecurityFilterChain     : Creating filter chain: OrRequestMatcher [requestMatchers=[Ant [pattern='/css/**'], Ant [pattern='/js/**'], Ant [pattern='/images/**'], Ant [pattern='/**/favicon.ico'], Ant [pattern='/error']]], []
2016-04-17 12:19:03.301  INFO 13416 --- [localhost-startStop-1] o.s.s.web.DefaultSecurityFilterChain     : Creating filter chain: org.springframework.security.web.util.matcher.AnyRequestMatcher@1, [com.paradigma.arquitecture.auth.accesstoken.StatelessAuthenticationFilter@191936f0, com.paradigma.arquitecture.auth.accesstoken.StatelessLoginFilter@59261124, org.springframework.security.web.servletapi.SecurityContextHolderAwareRequestFilter@6ddaf0f9, org.springframework.security.web.authentication.AnonymousAuthenticationFilter@6965c6bf, org.springframework.security.web.session.SessionManagementFilter@19ffc6d4, org.springframework.security.web.access.ExceptionTranslationFilter@74c094b3, org.springframework.security.web.access.intercept.FilterSecurityInterceptor@83ec423]
2016-04-17 12:19:03.503  INFO 13416 --- [localhost-startStop-1] o.s.s.web.DefaultSecurityFilterChain     : Creating filter chain: org.springframework.boot.actuate.autoconfigure.ManagementWebSecurityAutoConfiguration$LazyEndpointPathRequestMatcher@7629cf3d, [org.springframework.security.web.context.request.async.WebAsyncManagerIntegrationFilter@4730c871, org.springframework.security.web.context.SecurityContextPersistenceFilter@4ec61077, org.springframework.security.web.header.HeaderWriterFilter@47556359, org.springframework.security.web.authentication.logout.LogoutFilter@388e4624, org.springframework.security.web.authentication.www.BasicAuthenticationFilter@1ea5f1b8, org.springframework.security.web.savedrequest.RequestCacheAwareFilter@458552cb, org.springframework.security.web.servletapi.SecurityContextHolderAwareRequestFilter@720c447d, org.springframework.security.web.authentication.AnonymousAuthenticationFilter@43d4811c, org.springframework.security.web.session.SessionManagementFilter@4431b956, org.springframework.security.web.access.ExceptionTranslationFilter@7ede946b, org.springframework.security.web.access.intercept.FilterSecurityInterceptor@1e6addfb]
2016-04-17 12:19:04.084  INFO 13416 --- [main] o.s.w.s.s.s.WebSocketHandlerMapping      : Mapped URL path [/websocket/**] onto handler of type [class org.springframework.web.socket.sockjs.support.SockJsHttpRequestHandler]
2016-04-17 12:19:06.484  INFO 13416 --- [main] o.springframework.cloud.util.InetUtils   : Cannot determine local hostname
2016-04-17 12:19:06.895  INFO 13416 --- [main] s.w.s.m.m.a.RequestMappingHandlerAdapter : Looking for @ControllerAdvice: org.springframework.boot.context.embedded.AnnotationConfigEmbeddedWebApplicationContext@51549490: startup date [Sun Apr 17 12:18:49 CEST 2016]; parent: org.springframework.context.annotation.AnnotationConfigApplicationContext@5fe94a96
2016-04-17 12:19:07.179  INFO 13416 --- [main] s.w.s.m.m.a.RequestMappingHandlerMapping : Mapped "{[/api/v1/user/{id}],methods=[DELETE]}" onto public void es.paradigma.service.agregation.controller.AgregationController.delete(java.lang.String,org.springframework.util.MultiValueMap<java.lang.String, java.lang.String>)
2016-04-17 12:19:07.181  INFO 13416 --- [main] s.w.s.m.m.a.RequestMappingHandlerMapping : Mapped "{[/api/v1/user/{id}],methods=[GET]}" onto public java.util.LinkedHashMap es.paradigma.service.agregation.controller.AgregationController.findById(java.lang.String,org.springframework.util.MultiValueMap<java.lang.String, java.lang.String>)
2016-04-17 12:19:07.181  INFO 13416 --- [main] s.w.s.m.m.a.RequestMappingHandlerMapping : Mapped "{[/api/v1/user/product/search],methods=[GET]}" onto public java.util.List es.paradigma.service.agregation.controller.AgregationController.findByParameters(java.util.Map<java.lang.String, java.lang.Object>,org.springframework.util.MultiValueMap<java.lang.String, java.lang.String>)
2016-04-17 12:19:07.186  INFO 13416 --- [main] s.w.s.m.m.a.RequestMappingHandlerMapping : Mapped "{[/error]}" onto public org.springframework.http.ResponseEntity<java.util.Map<java.lang.String, java.lang.Object>> org.springframework.boot.autoconfigure.web.BasicErrorController.error(javax.servlet.http.HttpServletRequest)
2016-04-17 12:19:07.187  INFO 13416 --- [main] s.w.s.m.m.a.RequestMappingHandlerMapping : Mapped "{[/error],produces=[text/html]}" onto public org.springframework.web.servlet.ModelAndView org.springframework.boot.autoconfigure.web.BasicErrorController.errorHtml(javax.servlet.http.HttpServletRequest,javax.servlet.http.HttpServletResponse)
2016-04-17 12:19:07.378  INFO 13416 --- [main] o.s.w.s.handler.SimpleUrlHandlerMapping  : Mapped URL path [/webjars/**] onto handler of type [class org.springframework.web.servlet.resource.ResourceHttpRequestHandler]
2016-04-17 12:19:07.379  INFO 13416 --- [main] o.s.w.s.handler.SimpleUrlHandlerMapping  : Mapped URL path [/**] onto handler of type [class org.springframework.web.servlet.resource.ResourceHttpRequestHandler]
2016-04-17 12:19:07.501  INFO 13416 --- [main] o.s.w.s.handler.SimpleUrlHandlerMapping  : Mapped URL path [/**/favicon.ico] onto handler of type [class org.springframework.web.servlet.resource.ResourceHttpRequestHandler]
2016-04-17 12:19:10.256  INFO 13416 --- [main] o.s.b.a.e.mvc.EndpointHandlerMapping     : Mapped "{[/refresh || /refresh.json],methods=[POST]}" onto public java.lang.Object org.springframework.cloud.endpoint.GenericPostableMvcEndpoint.invoke()
2016-04-17 12:19:10.256  INFO 13416 --- [main] o.s.b.a.e.mvc.EndpointHandlerMapping     : Mapped "{[/configprops || /configprops.json],methods=[GET],produces=[application/json]}" onto public java.lang.Object org.springframework.boot.actuate.endpoint.mvc.EndpointMvcAdapter.invoke()
2016-04-17 12:19:10.266  INFO 13416 --- [main] o.s.b.a.e.mvc.EndpointHandlerMapping     : Mapped "{[/metrics/{name:.*}],methods=[GET],produces=[application/json]}" onto public java.lang.Object org.springframework.boot.actuate.endpoint.mvc.MetricsMvcEndpoint.value(java.lang.String)
2016-04-17 12:19:10.266  INFO 13416 --- [main] o.s.b.a.e.mvc.EndpointHandlerMapping     : Mapped "{[/metrics || /metrics.json],methods=[GET],produces=[application/json]}" onto public java.lang.Object org.springframework.boot.actuate.endpoint.mvc.EndpointMvcAdapter.invoke()
2016-04-17 12:19:10.272  INFO 13416 --- [main] o.s.b.a.e.mvc.EndpointHandlerMapping     : Mapped "{[/logfile || /logfile.json],methods=[GET || HEAD]}" onto public void org.springframework.boot.actuate.endpoint.mvc.LogFileMvcEndpoint.invoke(javax.servlet.http.HttpServletRequest,javax.servlet.http.HttpServletResponse) throws javax.servlet.ServletException,java.io.IOException
2016-04-17 12:19:10.273  INFO 13416 --- [main] o.s.b.a.e.mvc.EndpointHandlerMapping     : Mapped "{[/env],methods=[POST]}" onto public java.lang.Object org.springframework.cloud.context.environment.EnvironmentManagerMvcEndpoint.value(java.util.Map<java.lang.String, java.lang.String>)
2016-04-17 12:19:10.274  INFO 13416 --- [main] o.s.b.a.e.mvc.EndpointHandlerMapping     : Mapped "{[/env/reset],methods=[POST]}" onto public java.util.Map<java.lang.String, java.lang.Object> org.springframework.cloud.context.environment.EnvironmentManagerMvcEndpoint.reset()
2016-04-17 12:19:10.280  INFO 13416 --- [main] o.s.b.a.e.mvc.EndpointHandlerMapping     : Mapped "{[/env/{name:.*}],methods=[GET],produces=[application/json]}" onto public java.lang.Object org.springframework.boot.actuate.endpoint.mvc.EnvironmentMvcEndpoint.value(java.lang.String)
2016-04-17 12:19:10.280  INFO 13416 --- [main] o.s.b.a.e.mvc.EndpointHandlerMapping     : Mapped "{[/env || /env.json],methods=[GET],produces=[application/json]}" onto public java.lang.Object org.springframework.boot.actuate.endpoint.mvc.EndpointMvcAdapter.invoke()
2016-04-17 12:19:10.289  INFO 13416 --- [main] o.s.b.a.e.mvc.EndpointHandlerMapping     : Mapped "{[/resume || /resume.json],methods=[POST]}" onto public java.lang.Object org.springframework.cloud.endpoint.GenericPostableMvcEndpoint.invoke()
2016-04-17 12:19:10.295  INFO 13416 --- [main] o.s.b.a.e.mvc.EndpointHandlerMapping     : Mapped "{[/archaius || /archaius.json],methods=[GET],produces=[application/json]}" onto public java.lang.Object org.springframework.boot.actuate.endpoint.mvc.EndpointMvcAdapter.invoke()
2016-04-17 12:19:10.296  INFO 13416 --- [main] o.s.b.a.e.mvc.EndpointHandlerMapping     : Mapped "{[/info || /info.json],methods=[GET],produces=[application/json]}" onto public java.lang.Object org.springframework.boot.actuate.endpoint.mvc.EndpointMvcAdapter.invoke()
2016-04-17 12:19:10.299  INFO 13416 --- [main] o.s.b.a.e.mvc.EndpointHandlerMapping     : Mapped "{[/features || /features.json],methods=[GET],produces=[application/json]}" onto public java.lang.Object org.springframework.boot.actuate.endpoint.mvc.EndpointMvcAdapter.invoke()
2016-04-17 12:19:10.309  INFO 13416 --- [main] o.s.b.a.e.mvc.EndpointHandlerMapping     : Mapped "{[/autoconfig || /autoconfig.json],methods=[GET],produces=[application/json]}" onto public java.lang.Object org.springframework.boot.actuate.endpoint.mvc.EndpointMvcAdapter.invoke()
2016-04-17 12:19:10.311  INFO 13416 --- [main] o.s.b.a.e.mvc.EndpointHandlerMapping     : Mapped "{[/restart || /restart.json],methods=[POST]}" onto public java.lang.Object org.springframework.cloud.context.restart.RestartMvcEndpoint.invoke()
2016-04-17 12:19:10.312  INFO 13416 --- [main] o.s.b.a.e.mvc.EndpointHandlerMapping     : Mapped "{[/beans || /beans.json],methods=[GET],produces=[application/json]}" onto public java.lang.Object org.springframework.boot.actuate.endpoint.mvc.EndpointMvcAdapter.invoke()
2016-04-17 12:19:10.330  INFO 13416 --- [main] o.s.b.a.e.mvc.EndpointHandlerMapping     : Mapped "{[/dump || /dump.json],methods=[GET],produces=[application/json]}" onto public java.lang.Object org.springframework.boot.actuate.endpoint.mvc.EndpointMvcAdapter.invoke()
2016-04-17 12:19:10.331  INFO 13416 --- [main] o.s.b.a.e.mvc.EndpointHandlerMapping     : Mapped "{[/pause || /pause.json],methods=[POST]}" onto public java.lang.Object org.springframework.cloud.endpoint.GenericPostableMvcEndpoint.invoke()
2016-04-17 12:19:10.331  INFO 13416 --- [main] o.s.b.a.e.mvc.EndpointHandlerMapping     : Mapped "{[/mappings || /mappings.json],methods=[GET],produces=[application/json]}" onto public java.lang.Object org.springframework.boot.actuate.endpoint.mvc.EndpointMvcAdapter.invoke()
2016-04-17 12:19:10.332  INFO 13416 --- [main] o.s.b.a.e.mvc.EndpointHandlerMapping     : Mapped "{[/trace || /trace.json],methods=[GET],produces=[application/json]}" onto public java.lang.Object org.springframework.boot.actuate.endpoint.mvc.EndpointMvcAdapter.invoke()
2016-04-17 12:19:10.333  INFO 13416 --- [main] o.s.b.a.e.mvc.EndpointHandlerMapping     : Mapped "{[/health || /health.json],produces=[application/json]}" onto public java.lang.Object org.springframework.boot.actuate.endpoint.mvc.HealthMvcEndpoint.invoke(java.security.Principal)
2016-04-17 12:19:10.965  WARN 13416 --- [main] c.n.c.sources.URLConfigurationSource     : No URLs will be polled as dynamic configuration sources.
2016-04-17 12:19:10.965  INFO 13416 --- [main] c.n.c.sources.URLConfigurationSource     : To enable URLs as dynamic configuration sources, define System property archaius.configurationSource.additionalUrls or make config.properties available on classpath.
2016-04-17 12:19:10.979  WARN 13416 --- [main] c.n.c.sources.URLConfigurationSource     : No URLs will be polled as dynamic configuration sources.
2016-04-17 12:19:10.979  INFO 13416 --- [main] c.n.c.sources.URLConfigurationSource     : To enable URLs as dynamic configuration sources, define System property archaius.configurationSource.additionalUrls or make config.properties available on classpath.
2016-04-17 12:19:11.180  INFO 13416 --- [main] o.s.j.e.a.AnnotationMBeanExporter        : Registering beans for JMX exposure on startup
2016-04-17 12:19:11.243  INFO 13416 --- [main] o.s.j.e.a.AnnotationMBeanExporter        : Bean with name 'refreshScope' has been autodetected for JMX exposure
2016-04-17 12:19:11.244  INFO 13416 --- [main] o.s.j.e.a.AnnotationMBeanExporter        : Bean with name 'environmentManager' has been autodetected for JMX exposure
2016-04-17 12:19:11.255  INFO 13416 --- [main] o.s.j.e.a.AnnotationMBeanExporter        : Bean with name 'configurationPropertiesRebinder' has been autodetected for JMX exposure
2016-04-17 12:19:11.256  INFO 13416 --- [main] o.s.j.e.a.AnnotationMBeanExporter        : Bean with name 'refreshEndpoint' has been autodetected for JMX exposure
2016-04-17 12:19:11.261  INFO 13416 --- [main] o.s.j.e.a.AnnotationMBeanExporter        : Bean with name 'restartEndpoint' has been autodetected for JMX exposure
2016-04-17 12:19:11.272  INFO 13416 --- [main] o.s.j.e.a.AnnotationMBeanExporter        : Located managed bean 'environmentManager': registering with JMX server as MBean [org.springframework.cloud.context.environment:name=environmentManager,type=EnvironmentManager]
2016-04-17 12:19:11.315  INFO 13416 --- [main] o.s.j.e.a.AnnotationMBeanExporter        : Located managed bean 'restartEndpoint': registering with JMX server as MBean [org.springframework.cloud.context.restart:name=restartEndpoint,type=RestartEndpoint]
2016-04-17 12:19:11.339  INFO 13416 --- [main] o.s.j.e.a.AnnotationMBeanExporter        : Located managed bean 'refreshScope': registering with JMX server as MBean [org.springframework.cloud.context.scope.refresh:name=refreshScope,type=RefreshScope]
2016-04-17 12:19:11.361  INFO 13416 --- [main] o.s.j.e.a.AnnotationMBeanExporter        : Located managed bean 'configurationPropertiesRebinder': registering with JMX server as MBean [org.springframework.cloud.context.properties:name=configurationPropertiesRebinder,context=51549490,type=ConfigurationPropertiesRebinder]
2016-04-17 12:19:11.376  INFO 13416 --- [main] o.s.j.e.a.AnnotationMBeanExporter        : Located managed bean 'refreshEndpoint': registering with JMX server as MBean [org.springframework.cloud.endpoint:name=refreshEndpoint,type=RefreshEndpoint]
2016-04-17 12:19:12.018  INFO 13416 --- [main] o.s.c.support.DefaultLifecycleProcessor  : Starting beans in phase -2147482648
2016-04-17 12:19:12.019  INFO 13416 --- [main] o.s.c.support.DefaultLifecycleProcessor  : Starting beans in phase 0
2016-04-17 12:19:12.096  INFO 13416 --- [main] o.s.c.n.eureka.InstanceInfoFactory       : Setting initial instance status as: STARTING
2016-04-17 12:19:13.191  INFO 13416 --- [main] c.n.d.provider.DiscoveryJerseyProvider   : Using encoding codec LegacyJacksonJson
2016-04-17 12:19:13.246  INFO 13416 --- [main] c.n.d.provider.DiscoveryJerseyProvider   : Using decoding codec LegacyJacksonJson
2016-04-17 12:19:14.089  INFO 13416 --- [main] c.n.d.provider.DiscoveryJerseyProvider   : Using encoding codec LegacyJacksonJson
2016-04-17 12:19:14.090  INFO 13416 --- [main] c.n.d.provider.DiscoveryJerseyProvider   : Using decoding codec LegacyJacksonJson
2016-04-17 12:19:14.431  INFO 13416 --- [main] com.netflix.discovery.DiscoveryClient    : Disable delta property : false
2016-04-17 12:19:14.432  INFO 13416 --- [main] com.netflix.discovery.DiscoveryClient    : Single vip registry refresh property : null
2016-04-17 12:19:14.432  INFO 13416 --- [main] com.netflix.discovery.DiscoveryClient    : Force full registry fetch : false
2016-04-17 12:19:14.433  INFO 13416 --- [main] com.netflix.discovery.DiscoveryClient    : Application is null : false
2016-04-17 12:19:14.433  INFO 13416 --- [main] com.netflix.discovery.DiscoveryClient    : Registered Applications size is zero : true
2016-04-17 12:19:14.433  INFO 13416 --- [main] com.netflix.discovery.DiscoveryClient    : Application version is -1: true
2016-04-17 12:19:14.433  INFO 13416 --- [main] com.netflix.discovery.DiscoveryClient    : Getting all instance registry info from the eureka server
2016-04-17 12:19:14.710  INFO 13416 --- [main] com.netflix.discovery.DiscoveryClient    : The response status is 200
2016-04-17 12:19:14.720  INFO 13416 --- [main] com.netflix.discovery.DiscoveryClient    : Starting heartbeat executor: renew interval is: 30
2016-04-17 12:19:14.724  INFO 13416 --- [main] c.n.discovery.InstanceInfoReplicator     : InstanceInfoReplicator onDemand update allowed rate per min is 4
2016-04-17 12:19:14.787  INFO 13416 --- [main] c.n.e.EurekaDiscoveryClientConfiguration : Registering application agregationService with eureka with status UP
2016-04-17 12:19:14.787  INFO 13416 --- [main] com.netflix.discovery.DiscoveryClient    : Saw local status change event StatusChangeEvent [current=UP, previous=STARTING]
2016-04-17 12:19:14.790  INFO 13416 --- [DiscoveryClient-InstanceInfoReplicator-0] com.netflix.discovery.DiscoveryClient    : DiscoveryClient_AGREGATIONSERVICE/localhost:agregationService:8080: registering service...
2016-04-17 12:19:14.892  INFO 13416 --- [DiscoveryClient-InstanceInfoReplicator-0] com.netflix.discovery.DiscoveryClient    : DiscoveryClient_AGREGATIONSERVICE/localhost:agregationService:8080 - registration status: 204
2016-04-17 12:19:14.925  INFO 13416 --- [main] o.s.c.support.DefaultLifecycleProcessor  : Starting beans in phase 2147483647
2016-04-17 12:19:14.926  INFO 13416 --- [main] o.s.m.s.b.SimpleBrokerMessageHandler     : Starting...
2016-04-17 12:19:14.932  INFO 13416 --- [main] o.s.m.s.b.SimpleBrokerMessageHandler     : BrokerAvailabilityEvent[available=true, SimpleBrokerMessageHandler [DefaultSubscriptionRegistry[cache[0 destination(s)], registry[0 sessions]]]]
2016-04-17 12:19:14.934  INFO 13416 --- [main] o.s.m.s.b.SimpleBrokerMessageHandler     : Started.
2016-04-17 12:19:15.327  INFO 13416 --- [SimpleAsyncTaskExecutor-1] o.s.a.r.c.CachingConnectionFactory       : Created new connection: SimpleConnection@76728225 [delegate=amqp://guest@192.168.99.100:5672/]
2016-04-17 12:19:15.338  INFO 13416 --- [SimpleAsyncTaskExecutor-1] o.s.amqp.rabbit.core.RabbitAdmin         : Auto-declaring a non-durable, auto-delete, or exclusive Queue (arquitectureQueue) durable:false, auto-delete:false, exclusive:false. It will be redeclared if the broker stops and is restarted while the connection factory is alive, but all messages will be lost.
2016-04-17 12:19:15.656  INFO 13416 --- [main] s.b.c.e.t.TomcatEmbeddedServletContainer : Tomcat started on port(s): 8080 (http)
2016-04-17 12:19:15.659  INFO 13416 --- [main] c.n.e.EurekaDiscoveryClientConfiguration : Updating port to 8080
2016-04-17 12:19:15.668  INFO 13416 --- [main] e.p.s.agregation.AgregationApplication   : Started AgregationApplication in 33.556 seconds (JVM running for 34.422)
2016-04-17 12:19:28.027  INFO 13416 --- [http-nio-8080-exec-1] o.a.c.c.C.[Tomcat].[localhost].[/]       : Initializing Spring FrameworkServlet 'dispatcherServlet'
2016-04-17 12:19:28.028  INFO 13416 --- [http-nio-8080-exec-1] o.s.web.servlet.DispatcherServlet        : FrameworkServlet 'dispatcherServlet': initialization started
2016-04-17 12:19:28.109  INFO 13416 --- [http-nio-8080-exec-1] o.s.web.servlet.DispatcherServlet        : FrameworkServlet 'dispatcherServlet': initialization completed in 81 ms
2016-04-17 12:19:29.971  INFO 13416 --- [http-nio-8080-exec-1] s.c.a.AnnotationConfigApplicationContext : Refreshing org.springframework.context.annotation.AnnotationConfigApplicationContext@94e7837: startup date [Sun Apr 17 12:19:29 CEST 2016]; parent: org.springframework.boot.context.embedded.AnnotationConfigEmbeddedWebApplicationContext@51549490
2016-04-17 12:19:30.180  INFO 13416 --- [http-nio-8080-exec-1] f.a.AutowiredAnnotationBeanPostProcessor : JSR-330 'javax.inject.Inject' annotation found and supported for autowiring
2016-04-17 12:19:31.218  INFO 13416 --- [http-nio-8080-exec-1] c.netflix.config.ChainedDynamicProperty  : Flipping property: userService.ribbon.ActiveConnectionsLimit to use NEXT property: niws.loadbalancer.availabilityFilteringRule.activeConnectionsLimit = 2147483647
2016-04-17 12:19:31.309  INFO 13416 --- [http-nio-8080-exec-1] c.n.u.concurrent.ShutdownEnabledTimer    : Shutdown hook installed for: NFLoadBalancer-PingTimer-userService
2016-04-17 12:19:31.389  INFO 13416 --- [http-nio-8080-exec-1] c.netflix.loadbalancer.BaseLoadBalancer  : Client:userService instantiated a LoadBalancer:DynamicServerListLoadBalancer:{NFLoadBalancer:name=userService,current list of Servers=[],Load balancer stats=Zone stats: {},Server stats: []}ServerList:null
2016-04-17 12:19:31.525  INFO 13416 --- [http-nio-8080-exec-1] c.netflix.config.ChainedDynamicProperty  : Flipping property: userService.ribbon.ActiveConnectionsLimit to use NEXT property: niws.loadbalancer.availabilityFilteringRule.activeConnectionsLimit = 2147483647
2016-04-17 12:19:31.530  INFO 13416 --- [http-nio-8080-exec-1] c.n.l.DynamicServerListLoadBalancer      : DynamicServerListLoadBalancer for client userService initialized: DynamicServerListLoadBalancer:{NFLoadBalancer:name=userService,current list of Servers=[localhost:8082],Load balancer stats=Zone stats: {defaultzone=[Zone:defaultzone;	Instance count:1;	Active connections count: 0;	Circuit breaker tripped count: 0;	Active connections per server: 0.0;]
},Server stats: [[Server:localhost:8082;	Zone:defaultZone;	Total Requests:0;	Successive connection failure:0;	Total blackout seconds:0;	Last connection made:Thu Jan 01 01:00:00 CET 1970;	First connection made: Thu Jan 01 01:00:00 CET 1970;	Active Connections:0;	total failure count in last (1000) msecs:0;	average resp time:0.0;	90 percentile resp time:0.0;	95 percentile resp time:0.0;	min resp time:0.0;	max resp time:0.0;	stddev resp time:0.0]
]}ServerList:org.springframework.cloud.netflix.ribbon.eureka.DomainExtractingServerList@54f837bf
2016-04-17 12:19:31.632  INFO 13416 --- [http-nio-8080-exec-1] com.netflix.http4.ConnectionPoolCleaner  : Initializing ConnectionPoolCleaner for NFHttpClient:userService
2016-04-17 12:19:32.464  INFO 13416 --- [pool-11-thread-1] c.netflix.config.ChainedDynamicProperty  : Flipping property: userService.ribbon.ActiveConnectionsLimit to use NEXT property: niws.loadbalancer.availabilityFilteringRule.activeConnectionsLimit = 2147483647
2016-04-17 12:19:32.960  INFO 13416 --- [http-nio-8080-exec-1] s.c.a.AnnotationConfigApplicationContext : Refreshing org.springframework.context.annotation.AnnotationConfigApplicationContext@2c54128f: startup date [Sun Apr 17 12:19:32 CEST 2016]; parent: org.springframework.boot.context.embedded.AnnotationConfigEmbeddedWebApplicationContext@51549490
2016-04-17 12:19:32.994  INFO 13416 --- [http-nio-8080-exec-1] f.a.AutowiredAnnotationBeanPostProcessor : JSR-330 'javax.inject.Inject' annotation found and supported for autowiring
2016-04-17 12:19:33.019  INFO 13416 --- [http-nio-8080-exec-1] c.netflix.config.ChainedDynamicProperty  : Flipping property: productService.ribbon.ActiveConnectionsLimit to use NEXT property: niws.loadbalancer.availabilityFilteringRule.activeConnectionsLimit = 2147483647
2016-04-17 12:19:33.080  INFO 13416 --- [http-nio-8080-exec-1] c.n.u.concurrent.ShutdownEnabledTimer    : Shutdown hook installed for: NFLoadBalancer-PingTimer-productService
2016-04-17 12:19:33.081  INFO 13416 --- [http-nio-8080-exec-1] c.netflix.loadbalancer.BaseLoadBalancer  : Client:productService instantiated a LoadBalancer:DynamicServerListLoadBalancer:{NFLoadBalancer:name=productService,current list of Servers=[],Load balancer stats=Zone stats: {},Server stats: []}ServerList:null
2016-04-17 12:19:33.118  INFO 13416 --- [http-nio-8080-exec-1] c.netflix.config.ChainedDynamicProperty  : Flipping property: productService.ribbon.ActiveConnectionsLimit to use NEXT property: niws.loadbalancer.availabilityFilteringRule.activeConnectionsLimit = 2147483647
2016-04-17 12:19:33.123  INFO 13416 --- [http-nio-8080-exec-1] c.n.l.DynamicServerListLoadBalancer      : DynamicServerListLoadBalancer for client productService initialized: DynamicServerListLoadBalancer:{NFLoadBalancer:name=productService,current list of Servers=[localhost:8083],Load balancer stats=Zone stats: {defaultzone=[Zone:defaultzone;	Instance count:1;	Active connections count: 0;	Circuit breaker tripped count: 0;	Active connections per server: 0.0;]
},Server stats: [[Server:localhost:8083;	Zone:defaultZone;	Total Requests:0;	Successive connection failure:0;	Total blackout seconds:0;	Last connection made:Thu Jan 01 01:00:00 CET 1970;	First connection made: Thu Jan 01 01:00:00 CET 1970;	Active Connections:0;	total failure count in last (1000) msecs:0;	average resp time:0.0;	90 percentile resp time:0.0;	95 percentile resp time:0.0;	min resp time:0.0;	max resp time:0.0;	stddev resp time:0.0]
]}ServerList:org.springframework.cloud.netflix.ribbon.eureka.DomainExtractingServerList@35d2ecb9
2016-04-17 12:19:33.213  INFO 13416 --- [http-nio-8080-exec-1] com.netflix.http4.ConnectionPoolCleaner  : Initializing ConnectionPoolCleaner for NFHttpClient:productService
2016-04-17 12:19:34.131  INFO 13416 --- [pool-11-thread-1] c.netflix.config.ChainedDynamicProperty  : Flipping property: productService.ribbon.ActiveConnectionsLimit to use NEXT property: niws.loadbalancer.availabilityFilteringRule.activeConnectionsLimit = 2147483647
2016-04-17 12:20:04.124  INFO 13416 --- [MessageBroker-1] o.s.w.s.c.WebSocketMessageBrokerStats    : WebSocketSession[0 current WS(0)-HttpStream(0)-HttpPoll(0), 0 total, 0 closed abnormally (0 connect failure, 0 send limit, 0 transport error)], stompSubProtocol[processed CONNECT(0)-CONNECTED(0)-DISCONNECT(0)], stompBrokerRelay[null], inboundChannel[pool size = 0, active threads = 0, queued tasks = 0, completed tasks = 0], outboundChannelpool size = 0, active threads = 0, queued tasks = 0, completed tasks = 0], sockJsScheduler[pool size = 1, active threads = 1, queued tasks = 0, completed tasks = 0]
2016-04-17 12:21:46.400  WARN 13416 --- [http-nio-8080-exec-3] o.s.web.servlet.PageNotFound             : Request method 'GET' not supported
2016-04-17 12:21:56.035  INFO 13416 --- [http-nio-8080-exec-4] o.s.boot.SpringApplication               : Starting application on javier-PC with PID 13416 (C:\Users\javier\.m2\repository\org\springframework\boot\spring-boot\1.3.2.RELEASE\spring-boot-1.3.2.RELEASE.jar started by javier in C:\Users\javier\git\meetupMicroservices\agregation)
2016-04-17 12:21:56.036  INFO 13416 --- [http-nio-8080-exec-4] o.s.boot.SpringApplication               : The following profiles are active: local
2016-04-17 12:21:56.052  INFO 13416 --- [http-nio-8080-exec-4] s.c.a.AnnotationConfigApplicationContext : Refreshing org.springframework.context.annotation.AnnotationConfigApplicationContext@65ae5baa: startup date [Sun Apr 17 12:21:56 CEST 2016]; root of context hierarchy
2016-04-17 12:21:56.129  INFO 13416 --- [http-nio-8080-exec-4] f.a.AutowiredAnnotationBeanPostProcessor : JSR-330 'javax.inject.Inject' annotation found and supported for autowiring
2016-04-17 12:21:56.141  INFO 13416 --- [http-nio-8080-exec-4] trationDelegate$BeanPostProcessorChecker : Bean 'configurationPropertiesRebinderAutoConfiguration' of type [class org.springframework.cloud.autoconfigure.ConfigurationPropertiesRebinderAutoConfiguration$$EnhancerBySpringCGLIB$$2dd8d524] is not eligible for getting processed by all BeanPostProcessors (for example: not eligible for auto-proxying)
2016-04-17 12:21:56.417  INFO 13416 --- [http-nio-8080-exec-4] o.s.boot.SpringApplication               : Started application in 1.758 seconds (JVM running for 195.171)
2016-04-17 12:21:57.689  INFO 13416 --- [http-nio-8080-exec-4] o.springframework.cloud.util.InetUtils   : Cannot determine local hostname
2016-04-17 12:21:57.784  INFO 13416 --- [http-nio-8080-exec-4] c.c.c.ConfigServicePropertySourceLocator : Fetching config from server at: http://localhost:8888
2016-04-17 12:22:00.543  INFO 13416 --- [http-nio-8080-exec-4] c.c.c.ConfigServicePropertySourceLocator : Located environment: name=agregationService, profiles=[local], label=null, version=091712d27428276d185df074759638f0f0aaba70
2016-04-17 12:22:00.544  INFO 13416 --- [http-nio-8080-exec-4] b.c.PropertySourceBootstrapConfiguration : Located property source: CompositePropertySource [name='configService', propertySources=[MapPropertySource [name='https://github.com/javyxx/configserver.git/agregationService-local.yml']]]
2016-04-17 12:22:00.566  INFO 13416 --- [http-nio-8080-exec-4] o.s.boot.SpringApplication               : The following profiles are active: local
2016-04-17 12:22:00.569  INFO 13416 --- [http-nio-8080-exec-4] s.c.a.AnnotationConfigApplicationContext : Refreshing org.springframework.context.annotation.AnnotationConfigApplicationContext@72729d07: startup date [Sun Apr 17 12:22:00 CEST 2016]; parent: org.springframework.context.annotation.AnnotationConfigApplicationContext@65ae5baa
2016-04-17 12:22:00.573  INFO 13416 --- [http-nio-8080-exec-4] f.a.AutowiredAnnotationBeanPostProcessor : JSR-330 'javax.inject.Inject' annotation found and supported for autowiring
2016-04-17 12:22:00.593  INFO 13416 --- [http-nio-8080-exec-4] o.s.boot.SpringApplication               : Started application in 5.989 seconds (JVM running for 199.346)
2016-04-17 12:22:00.593  INFO 13416 --- [http-nio-8080-exec-4] s.c.a.AnnotationConfigApplicationContext : Closing org.springframework.context.annotation.AnnotationConfigApplicationContext@72729d07: startup date [Sun Apr 17 12:22:00 CEST 2016]; parent: org.springframework.context.annotation.AnnotationConfigApplicationContext@65ae5baa
2016-04-17 12:22:00.594  INFO 13416 --- [http-nio-8080-exec-4] s.c.a.AnnotationConfigApplicationContext : Closing org.springframework.context.annotation.AnnotationConfigApplicationContext@65ae5baa: startup date [Sun Apr 17 12:21:56 CEST 2016]; root of context hierarchy
2016-04-17 12:22:01.493  INFO 13416 --- [http-nio-8080-exec-4] o.s.c.n.eureka.InstanceInfoFactory       : Setting initial instance status as: STARTING
2016-04-17 12:22:01.554  INFO 13416 --- [http-nio-8080-exec-4] com.netflix.discovery.DiscoveryClient    : DiscoveryClient_AGREGATIONSERVICE/localhost:agregationService:8080 - deregister  status: 200
2016-04-17 12:22:01.585  INFO 13416 --- [http-nio-8080-exec-4] c.n.e.EurekaDiscoveryClientConfiguration : Unregistering application agregationService with eureka with status DOWN
2016-04-17 12:22:01.621  INFO 13416 --- [http-nio-8080-exec-4] c.n.d.provider.DiscoveryJerseyProvider   : Using encoding codec LegacyJacksonJson
2016-04-17 12:22:01.623  INFO 13416 --- [http-nio-8080-exec-4] c.n.d.provider.DiscoveryJerseyProvider   : Using decoding codec LegacyJacksonJson
2016-04-17 12:22:02.124  INFO 13416 --- [http-nio-8080-exec-4] c.n.d.provider.DiscoveryJerseyProvider   : Using encoding codec LegacyJacksonJson
2016-04-17 12:22:02.124  INFO 13416 --- [http-nio-8080-exec-4] c.n.d.provider.DiscoveryJerseyProvider   : Using decoding codec LegacyJacksonJson
2016-04-17 12:22:02.354  INFO 13416 --- [http-nio-8080-exec-4] com.netflix.discovery.DiscoveryClient    : Disable delta property : false
2016-04-17 12:22:02.354  INFO 13416 --- [http-nio-8080-exec-4] com.netflix.discovery.DiscoveryClient    : Single vip registry refresh property : null
2016-04-17 12:22:02.355  INFO 13416 --- [http-nio-8080-exec-4] com.netflix.discovery.DiscoveryClient    : Force full registry fetch : false
2016-04-17 12:22:02.355  INFO 13416 --- [http-nio-8080-exec-4] com.netflix.discovery.DiscoveryClient    : Application is null : false
2016-04-17 12:22:02.355  INFO 13416 --- [http-nio-8080-exec-4] com.netflix.discovery.DiscoveryClient    : Registered Applications size is zero : true
2016-04-17 12:22:02.355  INFO 13416 --- [http-nio-8080-exec-4] com.netflix.discovery.DiscoveryClient    : Application version is -1: true
2016-04-17 12:22:02.355  INFO 13416 --- [http-nio-8080-exec-4] com.netflix.discovery.DiscoveryClient    : Getting all instance registry info from the eureka server
2016-04-17 12:22:02.403  INFO 13416 --- [http-nio-8080-exec-4] com.netflix.discovery.DiscoveryClient    : The response status is 200
2016-04-17 12:22:02.404  INFO 13416 --- [http-nio-8080-exec-4] com.netflix.discovery.DiscoveryClient    : Starting heartbeat executor: renew interval is: 30
2016-04-17 12:22:02.405  INFO 13416 --- [http-nio-8080-exec-4] c.n.discovery.InstanceInfoReplicator     : InstanceInfoReplicator onDemand update allowed rate per min is 4
2016-04-17 12:22:02.410  INFO 13416 --- [http-nio-8080-exec-4] c.n.e.EurekaDiscoveryClientConfiguration : Registering application agregationService with eureka with status UP
2016-04-17 12:22:02.410  WARN 13416 --- [http-nio-8080-exec-4] com.netflix.discovery.DiscoveryClient    : Saw local status change event StatusChangeEvent [current=UP, previous=DOWN]
2016-04-17 12:22:02.411  INFO 13416 --- [DiscoveryClient-InstanceInfoReplicator-0] com.netflix.discovery.DiscoveryClient    : DiscoveryClient_AGREGATIONSERVICE/localhost:agregationService:8080: registering service...
2016-04-17 12:22:02.458  INFO 13416 --- [DiscoveryClient-InstanceInfoReplicator-0] com.netflix.discovery.DiscoveryClient    : DiscoveryClient_AGREGATIONSERVICE/localhost:agregationService:8080 - registration status: 204
